2025-01-14 11:24:20 [32minfo[39m: [32mconnecting to db[39m
2025-01-14 11:24:20 [35mhttp[39m: [35mGET / 200 76 - 18.227 ms[39m
2025-01-14 11:59:19 [32minfo[39m: [32mconnecting to db[39m
2025-01-14 11:59:19 [35mhttp[39m: [35mGET / 200 76 - 18.753 ms[39m
2025-01-14 13:18:19 [32minfo[39m: [32mServer is running at http://localhost:8080[39m
2025-01-14 13:20:38 [32minfo[39m: [32mServer is running at http://localhost:8080[39m
2025-01-14 13:20:51 [32minfo[39m: [32mServer is running at http://localhost:8080[39m
2025-01-14 13:21:25 [32minfo[39m: [32mServer is running at http://localhost:8080[39m
2025-01-14 13:21:47 [32minfo[39m: [32mServer is running at http://localhost:8080[39m
2025-01-14 13:23:52 [32minfo[39m: [32mServer is running at http://localhost:8080[39m
2025-01-14 13:25:59 [32minfo[39m: [32mDatabase connection is healthy[39m
2025-01-14 13:25:59 [35mhttp[39m: [35mGET / 200 76 - 11.934 ms[39m
2025-01-14 13:26:33 [35mhttp[39m: [35mPOST /api/user/sign-up 200 67 - 5.718 ms[39m
2025-01-14 13:27:38 [32minfo[39m: [32mServer is running at http://localhost:8080[39m
2025-01-14 13:27:44 [32minfo[39m: [32m{ name: 'swapnil' }[39m
2025-01-14 13:27:44 [35mhttp[39m: [35mPOST /api/user/sign-up 200 67 - 4.772 ms[39m
2025-01-14 13:28:09 [32minfo[39m: [32mServer is running at http://localhost:8080[39m
2025-01-14 13:28:12 [32minfo[39m: [32mUser signed up successfully[39m
2025-01-14 13:28:12 [32minfo[39m: [32m{ name: 'swapnil' }[39m
2025-01-14 13:28:12 [35mhttp[39m: [35mPOST /api/user/sign-up 200 67 - 5.921 ms[39m
2025-01-14 13:35:21 [32minfo[39m: [32mUser signed up successfully[39m
2025-01-14 13:35:21 [32minfo[39m: [32m{ name: 'swapnil' }[39m
2025-01-14 13:35:21 [35mhttp[39m: [35mPOST /api/user/sign-up 200 67 - 2.846 ms[39m
2025-01-14 13:36:32 [32minfo[39m: [32mServer is running at http://localhost:8080[39m
2025-01-14 13:36:41 [32minfo[39m: [32mServer is running at http://localhost:8080[39m
2025-01-14 13:38:26 [32minfo[39m: [32mServer is running at http://localhost:8080[39m
2025-01-14 15:39:08 [32minfo[39m: [32mServer is running at http://localhost:8080[39m
2025-01-14 15:39:09 [32minfo[39m: [32mServer is running at http://localhost:8080[39m
2025-01-14 15:43:51 [32minfo[39m: [32mServer is running at http://localhost:8080[39m
2025-01-14 15:45:22 [32minfo[39m: [32mServer is running at http://localhost:8080[39m
2025-01-14 15:45:27 [32minfo[39m: [32mServer is running at http://localhost:8080[39m
2025-01-14 15:46:32 [32minfo[39m: [32mServer is running at http://localhost:8080[39m
2025-01-14 15:50:56 [32minfo[39m: [32mServer is running at http://localhost:8080[39m
2025-01-14 15:51:07 [32minfo[39m: [32mServer is running at http://localhost:8080[39m
2025-01-14 15:51:48 [32minfo[39m: [32mServer is running at http://localhost:8080[39m
2025-01-14 15:51:52 [35mhttp[39m: [35mGET /api-docs 301 158 - 3.881 ms[39m
2025-01-14 15:51:52 [35mhttp[39m: [35mGET /api-docs/ 200 3106 - 2.421 ms[39m
2025-01-14 15:51:52 [35mhttp[39m: [35mGET /api-docs/swagger-ui.css 200 152072 - 3.787 ms[39m
2025-01-14 15:51:52 [35mhttp[39m: [35mGET /api-docs/swagger-ui-init.js 200 3651 - 0.315 ms[39m
2025-01-14 15:51:52 [35mhttp[39m: [35mGET /api-docs/swagger-ui-standalone-preset.js 200 230007 - 6.866 ms[39m
2025-01-14 15:51:52 [35mhttp[39m: [35mGET /api-docs/swagger-ui-bundle.js 200 1426050 - 2.362 ms[39m
2025-01-14 15:51:53 [35mhttp[39m: [35mGET /api-docs/favicon-32x32.png 200 628 - 1.790 ms[39m
2025-01-14 15:54:26 [32minfo[39m: [32mServer is running at http://localhost:8080[39m
2025-01-14 15:54:29 [35mhttp[39m: [35mGET /api-docs/ 304 - - 10.523 ms[39m
2025-01-14 15:54:29 [35mhttp[39m: [35mGET /api-docs/swagger-ui.css 304 - - 1.606 ms[39m
2025-01-14 15:54:29 [35mhttp[39m: [35mGET /api-docs/swagger-ui-bundle.js 304 - - 2.318 ms[39m
2025-01-14 15:54:29 [35mhttp[39m: [35mGET /api-docs/swagger-ui-standalone-preset.js 304 - - 3.186 ms[39m
2025-01-14 15:54:29 [35mhttp[39m: [35mGET /api-docs/swagger-ui-init.js 200 3651 - 0.608 ms[39m
2025-01-14 15:54:29 [35mhttp[39m: [35mGET /api-docs/favicon-32x32.png 304 - - 0.782 ms[39m
2025-01-14 15:55:02 [35mhttp[39m: [35mPOST /api/auth/signup 404 155 - 2.755 ms[39m
2025-01-14 15:55:26 [35mhttp[39m: [35mPOST /api/auth/sign-up 404 156 - 0.502 ms[39m
2025-01-14 15:56:01 [32minfo[39m: [32mServer is running at http://localhost:8080[39m
2025-01-14 15:56:04 [35mhttp[39m: [35mPOST /api/auth/sign-up 404 156 - 2.711 ms[39m
2025-01-14 15:56:35 [35mhttp[39m: [35mPOST /api/auth/signup 400 94 - 12.513 ms[39m
2025-01-14 15:57:28 [32minfo[39m: [32mAttempting user registration[39m
2025-01-14 15:57:28 [31merror[39m: [31mRegistration error: userModel.findByEmail is not a function[39m
2025-01-14 15:57:28 [35mhttp[39m: [35mPOST /api/auth/signup 500 51 - 19.000 ms[39m
2025-01-14 15:59:04 [32minfo[39m: [32mServer is running at http://localhost:8080[39m
2025-01-14 15:59:07 [32minfo[39m: [32mAttempting user registration[39m
2025-01-14 15:59:07 [32minfo[39m: [32mUser registered successfully: swapnil@gmail.com[39m
2025-01-14 15:59:07 [35mhttp[39m: [35mPOST /api/auth/signup 201 132 - 92.758 ms[39m
2025-01-14 15:59:23 [35mhttp[39m: [35mPOST /api/auth/signup 400 69 - 7.385 ms[39m
2025-01-14 15:59:42 [35mhttp[39m: [35mPOST /api/auth/signup 400 81 - 4.526 ms[39m
2025-01-14 15:59:49 [32minfo[39m: [32mAttempting user registration[39m
2025-01-14 15:59:49 [32minfo[39m: [32mUser registered successfully: swapnil@gmail.com[39m
2025-01-14 15:59:49 [35mhttp[39m: [35mPOST /api/auth/signup 201 132 - 127.883 ms[39m
2025-01-14 16:00:42 [32minfo[39m: [32mAttempting user registration[39m
2025-01-14 16:00:42 [32minfo[39m: [32mUser registered successfully: swapnil@gmail.com[39m
2025-01-14 16:00:42 [35mhttp[39m: [35mPOST /api/auth/signup 201 132 - 81.455 ms[39m
2025-01-14 16:05:23 [32minfo[39m: [32mServer is running at http://localhost:8080[39m
2025-01-14 16:05:27 [35mhttp[39m: [35mGET /api-docs/ 304 - - 7.539 ms[39m
2025-01-14 16:05:27 [35mhttp[39m: [35mGET /api-docs/swagger-ui.css 304 - - 1.052 ms[39m
2025-01-14 16:05:27 [35mhttp[39m: [35mGET /api-docs/swagger-ui-bundle.js 304 - - 1.283 ms[39m
2025-01-14 16:05:27 [35mhttp[39m: [35mGET /api-docs/swagger-ui-init.js 200 3744 - 0.565 ms[39m
2025-01-14 16:05:27 [35mhttp[39m: [35mGET /api-docs/swagger-ui-standalone-preset.js 304 - - 4.221 ms[39m
2025-01-14 16:05:28 [35mhttp[39m: [35mGET /api-docs/favicon-32x32.png 304 - - 0.647 ms[39m
2025-01-14 16:31:54 [32minfo[39m: [32mServer is running at http://localhost:8080[39m
2025-01-14 16:39:55 [32minfo[39m: [32mServer is running at http://localhost:8080[39m
2025-01-14 16:44:08 [32minfo[39m: [32mServer is running at http://localhost:8080[39m
2025-01-14 16:44:26 [32minfo[39m: [32mServer is running at http://localhost:8080[39m
2025-01-14 16:50:26 [32minfo[39m: [32mServer is running at http://localhost:8080[39m
2025-01-14 16:51:04 [32minfo[39m: [32mServer is running at http://localhost:8080[39m
2025-01-14 16:52:10 [32minfo[39m: [32mServer is running at http://localhost:8080[39m
2025-01-14 17:01:33 [32minfo[39m: [32mServer is running at http://localhost:8080[39m
2025-01-14 17:03:29 [32minfo[39m: [32mServer is running at http://localhost:8080[39m
2025-01-14 17:03:57 [32minfo[39m: [32mServer is running at http://localhost:8080[39m
2025-01-14 17:04:37 [32minfo[39m: [32mServer is running at http://localhost:8080[39m
2025-01-14 17:04:45 [32minfo[39m: [32mAttempting user registration[39m
2025-01-14 17:04:45 [32minfo[39m: [32mcolumn "name" does not exist[39m
2025-01-14 17:04:45 [31merror[39m: [31mRegistration error: Failed to check user existence[39m
2025-01-14 17:04:45 [35mhttp[39m: [35mPOST /api/auth/signup 500 51 - 25.918 ms[39m
2025-01-14 17:05:29 [32minfo[39m: [32mServer is running at http://localhost:8080[39m
2025-01-14 17:05:35 [32minfo[39m: [32mAttempting user registration[39m
2025-01-14 17:05:35 [32minfo[39m: [32msyntax error at or near "WHERE"[39m
2025-01-14 17:05:35 [31merror[39m: [31mRegistration error: user not created[39m
2025-01-14 17:05:35 [35mhttp[39m: [35mPOST /api/auth/signup 500 51 - 132.557 ms[39m
2025-01-14 17:05:38 [32minfo[39m: [32mAttempting user registration[39m
2025-01-14 17:05:38 [32minfo[39m: [32msyntax error at or near "WHERE"[39m
2025-01-14 17:05:38 [31merror[39m: [31mRegistration error: user not created[39m
2025-01-14 17:05:38 [35mhttp[39m: [35mPOST /api/auth/signup 500 51 - 64.167 ms[39m
2025-01-14 17:06:10 [32minfo[39m: [32mServer is running at http://localhost:8080[39m
2025-01-14 17:06:13 [32minfo[39m: [32mAttempting user registration[39m
2025-01-14 17:06:13 [32minfo[39m: [32msyntax error at or near "FROM"[39m
2025-01-14 17:06:13 [31merror[39m: [31mRegistration error: Failed to check user existence[39m
2025-01-14 17:06:13 [35mhttp[39m: [35mPOST /api/auth/signup 500 51 - 20.630 ms[39m
2025-01-14 17:07:56 [32minfo[39m: [32mServer is running at http://localhost:8080[39m
2025-01-14 17:08:47 [32minfo[39m: [32mAttempting user registration[39m
2025-01-14 17:08:47 [32minfo[39m: [32msyntax error at or near "WHERE"[39m
2025-01-14 17:08:47 [31merror[39m: [31mRegistration error: user not created[39m
2025-01-14 17:08:47 [35mhttp[39m: [35mPOST /api/auth/signup 500 51 - 169.316 ms[39m
2025-01-14 17:09:16 [32minfo[39m: [32mServer is running at http://localhost:8080[39m
2025-01-14 17:09:20 [32minfo[39m: [32mAttempting user registration[39m
2025-01-14 17:09:21 [32minfo[39m: [32msyntax error at or near "WHERE"[39m
2025-01-14 17:09:21 [31merror[39m: [31mRegistration error: user not created[39m
2025-01-14 17:09:21 [35mhttp[39m: [35mPOST /api/auth/signup 500 51 - 73.607 ms[39m
2025-01-14 17:10:40 [32minfo[39m: [32mServer is running at http://localhost:8080[39m
2025-01-14 17:10:56 [32minfo[39m: [32mAttempting user registration[39m
2025-01-14 17:10:56 [32minfo[39m: [32msyntax error at or near "WHERE"[39m
2025-01-14 17:10:56 [31merror[39m: [31mRegistration error: user not created[39m
2025-01-14 17:10:56 [35mhttp[39m: [35mPOST /api/auth/signup 500 51 - 76.140 ms[39m
2025-01-14 17:11:37 [32minfo[39m: [32mServer is running at http://localhost:8080[39m
2025-01-14 17:11:38 [32minfo[39m: [32mAttempting user registration[39m
2025-01-14 17:11:38 [32minfo[39m: [32msyntax error at or near "WHERE"[39m
2025-01-14 17:11:39 [31merror[39m: [31mRegistration error: user not created[39m
2025-01-14 17:11:39 [35mhttp[39m: [35mPOST /api/auth/signup 500 51 - 87.912 ms[39m
2025-01-14 17:13:28 [32minfo[39m: [32mAttempting user registration[39m
2025-01-14 17:13:28 [35mhttp[39m: [35mPOST /api/auth/signup 400 54 - 34.070 ms[39m
2025-01-14 17:13:38 [32minfo[39m: [32mAttempting user registration[39m
2025-01-14 17:13:39 [32minfo[39m: [32msyntax error at or near "WHERE"[39m
2025-01-14 17:13:39 [31merror[39m: [31mRegistration error: user not created[39m
2025-01-14 17:13:39 [35mhttp[39m: [35mPOST /api/auth/signup 500 51 - 242.091 ms[39m
2025-01-14 17:13:52 [32minfo[39m: [32mServer is running at http://localhost:8080[39m
2025-01-14 18:04:57 [32minfo[39m: [32mServer is running at http://localhost:8080[39m
2025-01-14 18:05:33 [32minfo[39m: [32mAttempting user registration[39m
2025-01-14 18:05:33 [32minfo[39m: [32msyntax error at or near "WHERE"[39m
2025-01-14 18:05:33 [31merror[39m: [31mRegistration error: user not created[39m
2025-01-14 18:05:33 [35mhttp[39m: [35mPOST /api/auth/signup 500 51 - 85.539 ms[39m
2025-01-14 18:07:31 [32minfo[39m: [32mServer is running at http://localhost:8080[39m
2025-01-14 18:07:32 [32minfo[39m: [32mAttempting user registration[39m
2025-01-14 18:07:32 [32minfo[39m: [32mUser registered successfully: john.doe3@example.com[39m
2025-01-14 18:07:32 [35mhttp[39m: [35mPOST /api/auth/signup 201 105 - 157.674 ms[39m
2025-01-14 18:07:39 [32minfo[39m: [32mAttempting user registration[39m
2025-01-14 18:07:39 [35mhttp[39m: [35mPOST /api/auth/signup 400 54 - 5.868 ms[39m
2025-01-14 18:08:14 [35mhttp[39m: [35mGET /favicon.ico 404 150 - 4.614 ms[39m
2025-01-14 18:27:23 [32minfo[39m: [32mServer is running at http://localhost:8080[39m
2025-01-14 18:27:35 [32minfo[39m: [32mAttempting user registration[39m
2025-01-14 18:27:35 [35mhttp[39m: [35mPOST /api/auth/signup 400 54 - 12.769 ms[39m
2025-01-14 18:27:41 [32minfo[39m: [32mAttempting user registration[39m
2025-01-14 18:27:41 [32minfo[39m: [32mUser registered successfully: john.doe4@example.com[39m
2025-01-14 18:27:41 [35mhttp[39m: [35mPOST /api/auth/signup 201 105 - 170.126 ms[39m
2025-01-14 18:29:43 [32minfo[39m: [32mServer is running at http://localhost:8080[39m
2025-01-14 18:29:50 [32minfo[39m: [32mServer is running at http://localhost:8080[39m
2025-01-14 18:29:54 [32minfo[39m: [32mAttempting user registration[39m
2025-01-14 18:29:54 [32minfo[39m: [32mUser registered successfully: john.doe5@example.com[39m
2025-01-14 18:29:54 [35mhttp[39m: [35mPOST /api/auth/signup 201 151 - 95.220 ms[39m
2025-01-14 18:33:45 [32minfo[39m: [32mAttempting user registration[39m
2025-01-14 18:33:45 [32minfo[39m: [32mUser registered successfully: john.doe@example.com[39m
2025-01-14 18:33:45 [35mhttp[39m: [35mPOST /api/auth/signup 201 151 - 82.809 ms[39m
2025-01-14 18:34:57 [32minfo[39m: [32mServer is running at http://localhost:8080[39m
2025-01-14 18:35:43 [32minfo[39m: [32mServer is running at http://localhost:8080[39m
2025-01-14 18:37:32 [32minfo[39m: [32mServer is running at http://localhost:8080[39m
2025-01-14 18:37:49 [35mhttp[39m: [35mPOST /api/auth/signup 400 71 - 15.186 ms[39m
2025-01-14 18:37:56 [32minfo[39m: [32mAttempting user registration[39m
2025-01-14 18:37:56 [32minfo[39m: [32muser created succesfully[39m
2025-01-14 18:37:56 [32minfo[39m: [32mUser registered successfully: john.doe2@example.com[39m
2025-01-14 18:37:56 [35mhttp[39m: [35mPOST /api/auth/signup 201 151 - 80.350 ms[39m
2025-01-14 18:39:34 [32minfo[39m: [32mServer is running at http://localhost:8080[39m
2025-01-14 18:39:46 [32minfo[39m: [32mServer is running at http://localhost:8080[39m
2025-01-14 18:40:43 [32minfo[39m: [32mAttempting user registration[39m
2025-01-14 18:40:43 [32minfo[39m: [32mUser created successfully with email: john.doe4@example.com[39m
2025-01-14 18:41:31 [32minfo[39m: [32mServer is running at http://localhost:8080[39m
2025-01-14 18:41:35 [32minfo[39m: [32mAttempting user registration[39m
2025-01-14 18:41:35 [32minfo[39m: [32muser already exist with provided email id[39m
2025-01-14 18:41:35 [35mhttp[39m: [35mPOST /api/auth/signup 400 54 - 18.636 ms[39m
2025-01-14 18:41:42 [32minfo[39m: [32mAttempting user registration[39m
2025-01-14 18:41:42 [32minfo[39m: [32mUser created successfully with email: john.doe1@example.com[39m
2025-01-14 18:41:42 [32minfo[39m: [32mUser registered successfully: john.doe1@example.com[39m
2025-01-14 18:41:42 [35mhttp[39m: [35mPOST /api/auth/signup 201 151 - 102.005 ms[39m
2025-01-14 18:42:13 [32minfo[39m: [32mAttempting user registration[39m
2025-01-14 18:42:13 [32minfo[39m: [32mUser created successfully with email: john.doe@example.com[39m
2025-01-14 18:42:13 [32minfo[39m: [32mUser registered successfully: john.doe@example.com[39m
2025-01-14 18:42:13 [35mhttp[39m: [35mPOST /api/auth/signup 201 151 - 81.630 ms[39m
2025-01-14 18:44:34 [32minfo[39m: [32mServer is running at http://localhost:8080[39m
2025-01-14 18:44:48 [32minfo[39m: [32mAttempting user registration[39m
2025-01-14 18:44:48 [32minfo[39m: [32mUser created successfully with email: john.doe1@example.com[39m
2025-01-14 18:44:48 [32minfo[39m: [32mUser registered successfully: john.doe1@example.com[39m
2025-01-14 18:44:48 [35mhttp[39m: [35mPOST /api/auth/signup 201 152 - 189.750 ms[39m
2025-01-14 18:45:22 [32minfo[39m: [32mServer is running at http://localhost:8080[39m
