2025-01-14 11:24:20 [32minfo[39m: [32mconnecting to db[39m
2025-01-14 11:24:20 [35mhttp[39m: [35mGET / 200 76 - 18.227 ms[39m
2025-01-14 11:59:19 [32minfo[39m: [32mconnecting to db[39m
2025-01-14 11:59:19 [35mhttp[39m: [35mGET / 200 76 - 18.753 ms[39m
2025-01-14 13:18:19 [32minfo[39m: [32mServer is running at http://localhost:8080[39m
2025-01-14 13:20:38 [32minfo[39m: [32mServer is running at http://localhost:8080[39m
2025-01-14 13:20:51 [32minfo[39m: [32mServer is running at http://localhost:8080[39m
2025-01-14 13:21:25 [32minfo[39m: [32mServer is running at http://localhost:8080[39m
2025-01-14 13:21:47 [32minfo[39m: [32mServer is running at http://localhost:8080[39m
2025-01-14 13:23:52 [32minfo[39m: [32mServer is running at http://localhost:8080[39m
2025-01-14 13:25:59 [32minfo[39m: [32mDatabase connection is healthy[39m
2025-01-14 13:25:59 [35mhttp[39m: [35mGET / 200 76 - 11.934 ms[39m
2025-01-14 13:26:33 [35mhttp[39m: [35mPOST /api/user/sign-up 200 67 - 5.718 ms[39m
2025-01-14 13:27:38 [32minfo[39m: [32mServer is running at http://localhost:8080[39m
2025-01-14 13:27:44 [32minfo[39m: [32m{ name: 'swapnil' }[39m
2025-01-14 13:27:44 [35mhttp[39m: [35mPOST /api/user/sign-up 200 67 - 4.772 ms[39m
2025-01-14 13:28:09 [32minfo[39m: [32mServer is running at http://localhost:8080[39m
2025-01-14 13:28:12 [32minfo[39m: [32mUser signed up successfully[39m
2025-01-14 13:28:12 [32minfo[39m: [32m{ name: 'swapnil' }[39m
2025-01-14 13:28:12 [35mhttp[39m: [35mPOST /api/user/sign-up 200 67 - 5.921 ms[39m
2025-01-14 13:35:21 [32minfo[39m: [32mUser signed up successfully[39m
2025-01-14 13:35:21 [32minfo[39m: [32m{ name: 'swapnil' }[39m
2025-01-14 13:35:21 [35mhttp[39m: [35mPOST /api/user/sign-up 200 67 - 2.846 ms[39m
2025-01-14 13:36:32 [32minfo[39m: [32mServer is running at http://localhost:8080[39m
2025-01-14 13:36:41 [32minfo[39m: [32mServer is running at http://localhost:8080[39m
2025-01-14 13:38:26 [32minfo[39m: [32mServer is running at http://localhost:8080[39m
2025-01-14 15:39:08 [32minfo[39m: [32mServer is running at http://localhost:8080[39m
2025-01-14 15:39:09 [32minfo[39m: [32mServer is running at http://localhost:8080[39m
2025-01-14 15:43:51 [32minfo[39m: [32mServer is running at http://localhost:8080[39m
2025-01-14 15:45:22 [32minfo[39m: [32mServer is running at http://localhost:8080[39m
2025-01-14 15:45:27 [32minfo[39m: [32mServer is running at http://localhost:8080[39m
2025-01-14 15:46:32 [32minfo[39m: [32mServer is running at http://localhost:8080[39m
2025-01-14 15:50:56 [32minfo[39m: [32mServer is running at http://localhost:8080[39m
2025-01-14 15:51:07 [32minfo[39m: [32mServer is running at http://localhost:8080[39m
2025-01-14 15:51:48 [32minfo[39m: [32mServer is running at http://localhost:8080[39m
2025-01-14 15:51:52 [35mhttp[39m: [35mGET /api-docs 301 158 - 3.881 ms[39m
2025-01-14 15:51:52 [35mhttp[39m: [35mGET /api-docs/ 200 3106 - 2.421 ms[39m
2025-01-14 15:51:52 [35mhttp[39m: [35mGET /api-docs/swagger-ui.css 200 152072 - 3.787 ms[39m
2025-01-14 15:51:52 [35mhttp[39m: [35mGET /api-docs/swagger-ui-init.js 200 3651 - 0.315 ms[39m
2025-01-14 15:51:52 [35mhttp[39m: [35mGET /api-docs/swagger-ui-standalone-preset.js 200 230007 - 6.866 ms[39m
2025-01-14 15:51:52 [35mhttp[39m: [35mGET /api-docs/swagger-ui-bundle.js 200 1426050 - 2.362 ms[39m
2025-01-14 15:51:53 [35mhttp[39m: [35mGET /api-docs/favicon-32x32.png 200 628 - 1.790 ms[39m
2025-01-14 15:54:26 [32minfo[39m: [32mServer is running at http://localhost:8080[39m
2025-01-14 15:54:29 [35mhttp[39m: [35mGET /api-docs/ 304 - - 10.523 ms[39m
2025-01-14 15:54:29 [35mhttp[39m: [35mGET /api-docs/swagger-ui.css 304 - - 1.606 ms[39m
2025-01-14 15:54:29 [35mhttp[39m: [35mGET /api-docs/swagger-ui-bundle.js 304 - - 2.318 ms[39m
2025-01-14 15:54:29 [35mhttp[39m: [35mGET /api-docs/swagger-ui-standalone-preset.js 304 - - 3.186 ms[39m
2025-01-14 15:54:29 [35mhttp[39m: [35mGET /api-docs/swagger-ui-init.js 200 3651 - 0.608 ms[39m
2025-01-14 15:54:29 [35mhttp[39m: [35mGET /api-docs/favicon-32x32.png 304 - - 0.782 ms[39m
2025-01-14 15:55:02 [35mhttp[39m: [35mPOST /api/auth/signup 404 155 - 2.755 ms[39m
2025-01-14 15:55:26 [35mhttp[39m: [35mPOST /api/auth/sign-up 404 156 - 0.502 ms[39m
2025-01-14 15:56:01 [32minfo[39m: [32mServer is running at http://localhost:8080[39m
2025-01-14 15:56:04 [35mhttp[39m: [35mPOST /api/auth/sign-up 404 156 - 2.711 ms[39m
2025-01-14 15:56:35 [35mhttp[39m: [35mPOST /api/auth/signup 400 94 - 12.513 ms[39m
2025-01-14 15:57:28 [32minfo[39m: [32mAttempting user registration[39m
2025-01-14 15:57:28 [31merror[39m: [31mRegistration error: userModel.findByEmail is not a function[39m
2025-01-14 15:57:28 [35mhttp[39m: [35mPOST /api/auth/signup 500 51 - 19.000 ms[39m
2025-01-14 15:59:04 [32minfo[39m: [32mServer is running at http://localhost:8080[39m
2025-01-14 15:59:07 [32minfo[39m: [32mAttempting user registration[39m
2025-01-14 15:59:07 [32minfo[39m: [32mUser registered successfully: swapnil@gmail.com[39m
2025-01-14 15:59:07 [35mhttp[39m: [35mPOST /api/auth/signup 201 132 - 92.758 ms[39m
2025-01-14 15:59:23 [35mhttp[39m: [35mPOST /api/auth/signup 400 69 - 7.385 ms[39m
2025-01-14 15:59:42 [35mhttp[39m: [35mPOST /api/auth/signup 400 81 - 4.526 ms[39m
2025-01-14 15:59:49 [32minfo[39m: [32mAttempting user registration[39m
2025-01-14 15:59:49 [32minfo[39m: [32mUser registered successfully: swapnil@gmail.com[39m
2025-01-14 15:59:49 [35mhttp[39m: [35mPOST /api/auth/signup 201 132 - 127.883 ms[39m
2025-01-14 16:00:42 [32minfo[39m: [32mAttempting user registration[39m
2025-01-14 16:00:42 [32minfo[39m: [32mUser registered successfully: swapnil@gmail.com[39m
2025-01-14 16:00:42 [35mhttp[39m: [35mPOST /api/auth/signup 201 132 - 81.455 ms[39m
2025-01-14 16:05:23 [32minfo[39m: [32mServer is running at http://localhost:8080[39m
2025-01-14 16:05:27 [35mhttp[39m: [35mGET /api-docs/ 304 - - 7.539 ms[39m
2025-01-14 16:05:27 [35mhttp[39m: [35mGET /api-docs/swagger-ui.css 304 - - 1.052 ms[39m
2025-01-14 16:05:27 [35mhttp[39m: [35mGET /api-docs/swagger-ui-bundle.js 304 - - 1.283 ms[39m
2025-01-14 16:05:27 [35mhttp[39m: [35mGET /api-docs/swagger-ui-init.js 200 3744 - 0.565 ms[39m
2025-01-14 16:05:27 [35mhttp[39m: [35mGET /api-docs/swagger-ui-standalone-preset.js 304 - - 4.221 ms[39m
2025-01-14 16:05:28 [35mhttp[39m: [35mGET /api-docs/favicon-32x32.png 304 - - 0.647 ms[39m
2025-01-14 16:31:54 [32minfo[39m: [32mServer is running at http://localhost:8080[39m
2025-01-14 16:39:55 [32minfo[39m: [32mServer is running at http://localhost:8080[39m
2025-01-14 16:44:08 [32minfo[39m: [32mServer is running at http://localhost:8080[39m
2025-01-14 16:44:26 [32minfo[39m: [32mServer is running at http://localhost:8080[39m
2025-01-14 16:50:26 [32minfo[39m: [32mServer is running at http://localhost:8080[39m
2025-01-14 16:51:04 [32minfo[39m: [32mServer is running at http://localhost:8080[39m
2025-01-14 16:52:10 [32minfo[39m: [32mServer is running at http://localhost:8080[39m
2025-01-14 17:01:33 [32minfo[39m: [32mServer is running at http://localhost:8080[39m
2025-01-14 17:03:29 [32minfo[39m: [32mServer is running at http://localhost:8080[39m
2025-01-14 17:03:57 [32minfo[39m: [32mServer is running at http://localhost:8080[39m
2025-01-14 17:04:37 [32minfo[39m: [32mServer is running at http://localhost:8080[39m
2025-01-14 17:04:45 [32minfo[39m: [32mAttempting user registration[39m
2025-01-14 17:04:45 [32minfo[39m: [32mcolumn "name" does not exist[39m
2025-01-14 17:04:45 [31merror[39m: [31mRegistration error: Failed to check user existence[39m
2025-01-14 17:04:45 [35mhttp[39m: [35mPOST /api/auth/signup 500 51 - 25.918 ms[39m
2025-01-14 17:05:29 [32minfo[39m: [32mServer is running at http://localhost:8080[39m
2025-01-14 17:05:35 [32minfo[39m: [32mAttempting user registration[39m
2025-01-14 17:05:35 [32minfo[39m: [32msyntax error at or near "WHERE"[39m
2025-01-14 17:05:35 [31merror[39m: [31mRegistration error: user not created[39m
2025-01-14 17:05:35 [35mhttp[39m: [35mPOST /api/auth/signup 500 51 - 132.557 ms[39m
2025-01-14 17:05:38 [32minfo[39m: [32mAttempting user registration[39m
2025-01-14 17:05:38 [32minfo[39m: [32msyntax error at or near "WHERE"[39m
2025-01-14 17:05:38 [31merror[39m: [31mRegistration error: user not created[39m
2025-01-14 17:05:38 [35mhttp[39m: [35mPOST /api/auth/signup 500 51 - 64.167 ms[39m
2025-01-14 17:06:10 [32minfo[39m: [32mServer is running at http://localhost:8080[39m
2025-01-14 17:06:13 [32minfo[39m: [32mAttempting user registration[39m
2025-01-14 17:06:13 [32minfo[39m: [32msyntax error at or near "FROM"[39m
2025-01-14 17:06:13 [31merror[39m: [31mRegistration error: Failed to check user existence[39m
2025-01-14 17:06:13 [35mhttp[39m: [35mPOST /api/auth/signup 500 51 - 20.630 ms[39m
2025-01-14 17:07:56 [32minfo[39m: [32mServer is running at http://localhost:8080[39m
2025-01-14 17:08:47 [32minfo[39m: [32mAttempting user registration[39m
2025-01-14 17:08:47 [32minfo[39m: [32msyntax error at or near "WHERE"[39m
2025-01-14 17:08:47 [31merror[39m: [31mRegistration error: user not created[39m
2025-01-14 17:08:47 [35mhttp[39m: [35mPOST /api/auth/signup 500 51 - 169.316 ms[39m
2025-01-14 17:09:16 [32minfo[39m: [32mServer is running at http://localhost:8080[39m
2025-01-14 17:09:20 [32minfo[39m: [32mAttempting user registration[39m
2025-01-14 17:09:21 [32minfo[39m: [32msyntax error at or near "WHERE"[39m
2025-01-14 17:09:21 [31merror[39m: [31mRegistration error: user not created[39m
2025-01-14 17:09:21 [35mhttp[39m: [35mPOST /api/auth/signup 500 51 - 73.607 ms[39m
2025-01-14 17:10:40 [32minfo[39m: [32mServer is running at http://localhost:8080[39m
2025-01-14 17:10:56 [32minfo[39m: [32mAttempting user registration[39m
2025-01-14 17:10:56 [32minfo[39m: [32msyntax error at or near "WHERE"[39m
2025-01-14 17:10:56 [31merror[39m: [31mRegistration error: user not created[39m
2025-01-14 17:10:56 [35mhttp[39m: [35mPOST /api/auth/signup 500 51 - 76.140 ms[39m
2025-01-14 17:11:37 [32minfo[39m: [32mServer is running at http://localhost:8080[39m
2025-01-14 17:11:38 [32minfo[39m: [32mAttempting user registration[39m
2025-01-14 17:11:38 [32minfo[39m: [32msyntax error at or near "WHERE"[39m
2025-01-14 17:11:39 [31merror[39m: [31mRegistration error: user not created[39m
2025-01-14 17:11:39 [35mhttp[39m: [35mPOST /api/auth/signup 500 51 - 87.912 ms[39m
2025-01-14 17:13:28 [32minfo[39m: [32mAttempting user registration[39m
2025-01-14 17:13:28 [35mhttp[39m: [35mPOST /api/auth/signup 400 54 - 34.070 ms[39m
2025-01-14 17:13:38 [32minfo[39m: [32mAttempting user registration[39m
2025-01-14 17:13:39 [32minfo[39m: [32msyntax error at or near "WHERE"[39m
2025-01-14 17:13:39 [31merror[39m: [31mRegistration error: user not created[39m
2025-01-14 17:13:39 [35mhttp[39m: [35mPOST /api/auth/signup 500 51 - 242.091 ms[39m
2025-01-14 17:13:52 [32minfo[39m: [32mServer is running at http://localhost:8080[39m
2025-01-14 18:04:57 [32minfo[39m: [32mServer is running at http://localhost:8080[39m
2025-01-14 18:05:33 [32minfo[39m: [32mAttempting user registration[39m
2025-01-14 18:05:33 [32minfo[39m: [32msyntax error at or near "WHERE"[39m
2025-01-14 18:05:33 [31merror[39m: [31mRegistration error: user not created[39m
2025-01-14 18:05:33 [35mhttp[39m: [35mPOST /api/auth/signup 500 51 - 85.539 ms[39m
2025-01-14 18:07:31 [32minfo[39m: [32mServer is running at http://localhost:8080[39m
2025-01-14 18:07:32 [32minfo[39m: [32mAttempting user registration[39m
2025-01-14 18:07:32 [32minfo[39m: [32mUser registered successfully: john.doe3@example.com[39m
2025-01-14 18:07:32 [35mhttp[39m: [35mPOST /api/auth/signup 201 105 - 157.674 ms[39m
2025-01-14 18:07:39 [32minfo[39m: [32mAttempting user registration[39m
2025-01-14 18:07:39 [35mhttp[39m: [35mPOST /api/auth/signup 400 54 - 5.868 ms[39m
2025-01-14 18:08:14 [35mhttp[39m: [35mGET /favicon.ico 404 150 - 4.614 ms[39m
2025-01-14 18:27:23 [32minfo[39m: [32mServer is running at http://localhost:8080[39m
2025-01-14 18:27:35 [32minfo[39m: [32mAttempting user registration[39m
2025-01-14 18:27:35 [35mhttp[39m: [35mPOST /api/auth/signup 400 54 - 12.769 ms[39m
2025-01-14 18:27:41 [32minfo[39m: [32mAttempting user registration[39m
2025-01-14 18:27:41 [32minfo[39m: [32mUser registered successfully: john.doe4@example.com[39m
2025-01-14 18:27:41 [35mhttp[39m: [35mPOST /api/auth/signup 201 105 - 170.126 ms[39m
2025-01-14 18:29:43 [32minfo[39m: [32mServer is running at http://localhost:8080[39m
2025-01-14 18:29:50 [32minfo[39m: [32mServer is running at http://localhost:8080[39m
2025-01-14 18:29:54 [32minfo[39m: [32mAttempting user registration[39m
2025-01-14 18:29:54 [32minfo[39m: [32mUser registered successfully: john.doe5@example.com[39m
2025-01-14 18:29:54 [35mhttp[39m: [35mPOST /api/auth/signup 201 151 - 95.220 ms[39m
2025-01-14 18:33:45 [32minfo[39m: [32mAttempting user registration[39m
2025-01-14 18:33:45 [32minfo[39m: [32mUser registered successfully: john.doe@example.com[39m
2025-01-14 18:33:45 [35mhttp[39m: [35mPOST /api/auth/signup 201 151 - 82.809 ms[39m
2025-01-14 18:34:57 [32minfo[39m: [32mServer is running at http://localhost:8080[39m
2025-01-14 18:35:43 [32minfo[39m: [32mServer is running at http://localhost:8080[39m
2025-01-14 18:37:32 [32minfo[39m: [32mServer is running at http://localhost:8080[39m
2025-01-14 18:37:49 [35mhttp[39m: [35mPOST /api/auth/signup 400 71 - 15.186 ms[39m
2025-01-14 18:37:56 [32minfo[39m: [32mAttempting user registration[39m
2025-01-14 18:37:56 [32minfo[39m: [32muser created succesfully[39m
2025-01-14 18:37:56 [32minfo[39m: [32mUser registered successfully: john.doe2@example.com[39m
2025-01-14 18:37:56 [35mhttp[39m: [35mPOST /api/auth/signup 201 151 - 80.350 ms[39m
2025-01-14 18:39:34 [32minfo[39m: [32mServer is running at http://localhost:8080[39m
2025-01-14 18:39:46 [32minfo[39m: [32mServer is running at http://localhost:8080[39m
2025-01-14 18:40:43 [32minfo[39m: [32mAttempting user registration[39m
2025-01-14 18:40:43 [32minfo[39m: [32mUser created successfully with email: john.doe4@example.com[39m
2025-01-14 18:41:31 [32minfo[39m: [32mServer is running at http://localhost:8080[39m
2025-01-14 18:41:35 [32minfo[39m: [32mAttempting user registration[39m
2025-01-14 18:41:35 [32minfo[39m: [32muser already exist with provided email id[39m
2025-01-14 18:41:35 [35mhttp[39m: [35mPOST /api/auth/signup 400 54 - 18.636 ms[39m
2025-01-14 18:41:42 [32minfo[39m: [32mAttempting user registration[39m
2025-01-14 18:41:42 [32minfo[39m: [32mUser created successfully with email: john.doe1@example.com[39m
2025-01-14 18:41:42 [32minfo[39m: [32mUser registered successfully: john.doe1@example.com[39m
2025-01-14 18:41:42 [35mhttp[39m: [35mPOST /api/auth/signup 201 151 - 102.005 ms[39m
2025-01-14 18:42:13 [32minfo[39m: [32mAttempting user registration[39m
2025-01-14 18:42:13 [32minfo[39m: [32mUser created successfully with email: john.doe@example.com[39m
2025-01-14 18:42:13 [32minfo[39m: [32mUser registered successfully: john.doe@example.com[39m
2025-01-14 18:42:13 [35mhttp[39m: [35mPOST /api/auth/signup 201 151 - 81.630 ms[39m
2025-01-14 18:44:34 [32minfo[39m: [32mServer is running at http://localhost:8080[39m
2025-01-14 18:44:48 [32minfo[39m: [32mAttempting user registration[39m
2025-01-14 18:44:48 [32minfo[39m: [32mUser created successfully with email: john.doe1@example.com[39m
2025-01-14 18:44:48 [32minfo[39m: [32mUser registered successfully: john.doe1@example.com[39m
2025-01-14 18:44:48 [35mhttp[39m: [35mPOST /api/auth/signup 201 152 - 189.750 ms[39m
2025-01-14 18:45:22 [32minfo[39m: [32mServer is running at http://localhost:8080[39m
2025-01-14 18:45:26 [32minfo[39m: [32mServer is running at http://localhost:8080[39m
2025-01-14 18:58:14 [35mhttp[39m: [35mGET /api-docs/ 304 - - 6.288 ms[39m
2025-01-14 18:58:14 [35mhttp[39m: [35mGET /api-docs/swagger-ui.css 304 - - 3.224 ms[39m
2025-01-14 18:58:14 [35mhttp[39m: [35mGET /api-docs/swagger-ui-bundle.js 304 - - 2.637 ms[39m
2025-01-14 18:58:14 [35mhttp[39m: [35mGET /api-docs/swagger-ui-init.js 304 - - 0.430 ms[39m
2025-01-14 18:58:14 [35mhttp[39m: [35mGET /api-docs/swagger-ui-standalone-preset.js 304 - - 3.904 ms[39m
2025-01-14 19:10:47 [32minfo[39m: [32mServer is running at http://localhost:8080[39m
2025-01-14 19:10:57 [32minfo[39m: [32mServer is running at http://localhost:8080[39m
2025-01-14 19:14:02 [32minfo[39m: [32mServer is running at http://localhost:8080[39m
2025-01-14 19:14:24 [32minfo[39m: [32mServer is running at http://localhost:8080[39m
2025-01-14 19:18:40 [32minfo[39m: [32mServer is running at http://localhost:8080[39m
2025-01-15 11:15:44 [32minfo[39m: [32mServer is running at http://localhost:8080[39m
2025-01-15 11:16:03 [32minfo[39m: [32mServer is running at http://localhost:8080[39m
2025-01-15 11:17:14 [32minfo[39m: [32mServer is running at http://localhost:8080[39m
2025-01-15 11:17:25 [35mhttp[39m: [35mGET /api-docs/ 304 - - 4.700 ms[39m
2025-01-15 11:17:25 [35mhttp[39m: [35mGET /api-docs/swagger-ui.css 304 - - 1.798 ms[39m
2025-01-15 11:17:25 [35mhttp[39m: [35mGET /api-docs/swagger-ui-bundle.js 304 - - 0.840 ms[39m
2025-01-15 11:17:25 [35mhttp[39m: [35mGET /api-docs/swagger-ui-init.js 200 4588 - 0.718 ms[39m
2025-01-15 11:17:25 [35mhttp[39m: [35mGET /api-docs/swagger-ui-standalone-preset.js 304 - - 5.215 ms[39m
2025-01-15 11:17:25 [35mhttp[39m: [35mGET /api-docs/favicon-32x32.png 304 - - 0.851 ms[39m
2025-01-15 11:17:43 [32minfo[39m: [32mServer is running at http://localhost:8080[39m
2025-01-15 11:17:45 [35mhttp[39m: [35mGET /api-docs/ 304 - - 6.619 ms[39m
2025-01-15 11:17:45 [35mhttp[39m: [35mGET /api-docs/swagger-ui.css 304 - - 1.961 ms[39m
2025-01-15 11:17:45 [35mhttp[39m: [35mGET /api-docs/swagger-ui-bundle.js 304 - - 0.728 ms[39m
2025-01-15 11:17:45 [35mhttp[39m: [35mGET /api-docs/swagger-ui-init.js 200 3744 - 0.382 ms[39m
2025-01-15 11:17:45 [35mhttp[39m: [35mGET /api-docs/swagger-ui-standalone-preset.js 304 - - 3.365 ms[39m
2025-01-15 11:17:45 [35mhttp[39m: [35mGET /api-docs/favicon-32x32.png 304 - - 0.555 ms[39m
2025-01-15 11:18:37 [32minfo[39m: [32mServer is running at http://localhost:8080[39m
2025-01-15 11:18:45 [35mhttp[39m: [35mGET /api-docs/ 304 - - 10.013 ms[39m
2025-01-15 11:18:46 [35mhttp[39m: [35mGET /api-docs/swagger-ui.css 304 - - 1.560 ms[39m
2025-01-15 11:18:46 [35mhttp[39m: [35mGET /api-docs/swagger-ui-bundle.js 304 - - 0.650 ms[39m
2025-01-15 11:18:46 [35mhttp[39m: [35mGET /api-docs/swagger-ui-standalone-preset.js 304 - - 0.657 ms[39m
2025-01-15 11:18:46 [35mhttp[39m: [35mGET /api-docs/swagger-ui-init.js 304 - - 0.298 ms[39m
2025-01-15 11:18:47 [35mhttp[39m: [35mGET /api-docs/favicon-32x32.png 304 - - 0.828 ms[39m
2025-01-15 11:19:12 [32minfo[39m: [32mServer is running at http://localhost:8080[39m
2025-01-15 11:19:55 [32minfo[39m: [32mServer is running at http://localhost:8080[39m
2025-01-15 11:20:06 [32minfo[39m: [32mServer is running at http://localhost:8080[39m
2025-01-15 11:20:48 [35mhttp[39m: [35mPOST /api/auth/signup 400 71 - 25.245 ms[39m
2025-01-15 11:21:42 [35mhttp[39m: [35mPOST /api/auth/login 404 154 - 3.996 ms[39m
2025-01-15 11:22:30 [32minfo[39m: [32mServer is running at http://localhost:8080[39m
2025-01-15 11:22:37 [32minfo[39m: [32mAttempting user login[39m
2025-01-15 11:22:37 [32minfo[39m: [32muser already exist with provided email id[39m
2025-01-15 11:27:57 [32minfo[39m: [32mServer is running at http://localhost:8080[39m
2025-01-15 11:34:31 [32minfo[39m: [32mServer is running at http://localhost:8080[39m
2025-01-15 11:35:59 [32minfo[39m: [32mServer is running at http://localhost:8080[39m
2025-01-15 11:38:16 [32minfo[39m: [32mServer is running at http://localhost:8080[39m
2025-01-15 11:39:26 [32minfo[39m: [32mServer is running at http://localhost:8080[39m
2025-01-15 11:39:41 [32minfo[39m: [32mServer is running at http://localhost:8080[39m
2025-01-15 11:54:11 [32minfo[39m: [32mServer is running at http://localhost:8080[39m
2025-01-15 12:05:09 [32minfo[39m: [32mServer is running at http://localhost:8080[39m
2025-01-15 12:05:28 [32minfo[39m: [32mServer is running at http://localhost:8080[39m
2025-01-15 12:32:17 [32minfo[39m: [32mAttempting user login[39m
2025-01-15 12:32:17 [32minfo[39m: [32mUser exists with the provided email ID[39m
2025-01-15 12:32:17 [31merror[39m: [31mLogin error : data and hash arguments required[39m
2025-01-15 12:33:26 [32minfo[39m: [32mServer is running at http://localhost:8080[39m
2025-01-15 12:33:29 [32minfo[39m: [32mAttempting user login[39m
2025-01-15 12:33:29 [32minfo[39m: [32mUser exists with the provided email ID[39m
2025-01-15 12:33:29 [31merror[39m: [31mLogin error : data and hash arguments required[39m
2025-01-15 12:34:19 [32minfo[39m: [32mServer is running at http://localhost:8080[39m
2025-01-15 12:34:22 [32minfo[39m: [32mAttempting user login[39m
2025-01-15 12:34:22 [32minfo[39m: [32mUser exists with the provided email ID[39m
2025-01-15 12:35:13 [32minfo[39m: [32mServer is running at http://localhost:8080[39m
2025-01-15 12:35:14 [32minfo[39m: [32mAttempting user login[39m
2025-01-15 12:35:14 [32minfo[39m: [32mUser exists with the provided email ID[39m
2025-01-15 12:37:26 [32minfo[39m: [32mServer is running at http://localhost:8080[39m
2025-01-15 12:38:28 [32minfo[39m: [32mServer is running at http://localhost:8080[39m
2025-01-15 12:38:31 [32minfo[39m: [32mAttempting user login[39m
2025-01-15 12:38:31 [32minfo[39m: [32mUser exists with the provided email ID[39m
2025-01-15 12:38:42 [32minfo[39m: [32mServer is running at http://localhost:8080[39m
2025-01-15 12:38:46 [32minfo[39m: [32mAttempting user login[39m
2025-01-15 12:38:46 [32minfo[39m: [32mUser exists with the provided email ID[39m
2025-01-15 12:38:56 [32minfo[39m: [32mServer is running at http://localhost:8080[39m
2025-01-15 12:38:58 [32minfo[39m: [32mAttempting user login[39m
2025-01-15 12:38:58 [32minfo[39m: [32mUser exists with the provided email ID[39m
2025-01-15 12:40:06 [32minfo[39m: [32mServer is running at http://localhost:8080[39m
2025-01-15 12:40:17 [32minfo[39m: [32mAttempting user login[39m
2025-01-15 12:40:17 [32minfo[39m: [32mUser exists with the provided email ID[39m
2025-01-15 12:40:42 [32minfo[39m: [32mServer is running at http://localhost:8080[39m
2025-01-15 12:40:45 [32minfo[39m: [32mAttempting user login[39m
2025-01-15 12:40:45 [32minfo[39m: [32mUser exists with the provided email ID[39m
2025-01-15 12:41:12 [32minfo[39m: [32mServer is running at http://localhost:8080[39m
2025-01-15 12:41:14 [32minfo[39m: [32mAttempting user login[39m
2025-01-15 12:41:14 [32minfo[39m: [32mUser exists with the provided email ID[39m
2025-01-15 13:01:56 [32minfo[39m: [32mServer is running at http://localhost:8080[39m
2025-01-15 13:02:18 [32minfo[39m: [32mServer is running at http://localhost:8080[39m
2025-01-15 13:02:41 [32minfo[39m: [32mServer is running at http://localhost:8080[39m
2025-01-15 13:02:45 [32minfo[39m: [32mServer is running at http://localhost:8080[39m
2025-01-15 13:03:18 [32minfo[39m: [32mServer is running at http://localhost:8080[39m
2025-01-15 13:05:17 [32minfo[39m: [32mServer is running at http://localhost:8080[39m
2025-01-15 13:05:21 [32minfo[39m: [32mServer is running at http://localhost:8080[39m
2025-01-15 13:05:28 [32minfo[39m: [32mServer is running at http://localhost:8080[39m
2025-01-15 13:06:04 [32minfo[39m: [32mServer is running at http://localhost:8080[39m
2025-01-15 13:06:27 [32minfo[39m: [32mAttempting user login[39m
2025-01-15 13:06:27 [32minfo[39m: [32mUser exists with the provided email ID[39m
2025-01-15 13:06:27 [31merror[39m: [31mgenerateRefreshToken is not a function[39m
2025-01-15 13:06:27 [31merror[39m: [31mLogin error : error while sign in [31mgenerateRefreshToken is not a function[31m[39m
2025-01-15 13:06:48 [32minfo[39m: [32mServer is running at http://localhost:8080[39m
2025-01-15 13:06:51 [32minfo[39m: [32mAttempting user login[39m
2025-01-15 13:06:51 [32minfo[39m: [32mUser exists with the provided email ID[39m
2025-01-15 13:06:51 [31merror[39m: [31mnull value in column "user_id" of relation "refresh_tokens" violates not-null constraint[39m
2025-01-15 13:06:51 [31merror[39m: [31mLogin error : error while sign in [31mnull value in column "user_id" of relation "refresh_tokens" violates not-null constraint[31m[39m
2025-01-15 13:07:39 [32minfo[39m: [32mServer is running at http://localhost:8080[39m
2025-01-15 13:07:40 [32minfo[39m: [32mAttempting user login[39m
2025-01-15 13:07:40 [32minfo[39m: [32mUser exists with the provided email ID[39m
2025-01-15 13:07:40 [31merror[39m: [31mnull value in column "user_id" of relation "refresh_tokens" violates not-null constraint[39m
2025-01-15 13:07:40 [31merror[39m: [31mLogin error : error while sign in [31mnull value in column "user_id" of relation "refresh_tokens" violates not-null constraint[31m[39m
2025-01-15 13:08:37 [32minfo[39m: [32mServer is running at http://localhost:8080[39m
2025-01-15 13:08:40 [32minfo[39m: [32mAttempting user login[39m
2025-01-15 13:08:40 [32minfo[39m: [32mUser exists with the provided email ID[39m
2025-01-15 13:09:00 [32minfo[39m: [32mServer is running at http://localhost:8080[39m
2025-01-15 13:09:03 [32minfo[39m: [32mAttempting user login[39m
2025-01-15 13:09:03 [32minfo[39m: [32mUser exists with the provided email ID[39m
2025-01-15 13:09:24 [32minfo[39m: [32mServer is running at http://localhost:8080[39m
2025-01-15 13:11:06 [32minfo[39m: [32mServer is running at http://localhost:8080[39m
2025-01-15 13:11:46 [32minfo[39m: [32mServer is running at http://localhost:8080[39m
2025-01-15 13:11:49 [32minfo[39m: [32mAttempting user login[39m
2025-01-15 13:11:49 [32minfo[39m: [32mUser exists with the provided email ID[39m
2025-01-15 13:11:49 [35mhttp[39m: [35mPOST /api/auth/signin 200 49 - 86.495 ms[39m
2025-01-15 13:13:23 [32minfo[39m: [32mServer is running at http://localhost:8080[39m
2025-01-15 13:13:26 [32minfo[39m: [32mAttempting user login[39m
2025-01-15 13:13:26 [32minfo[39m: [32mUser exists with the provided email ID[39m
2025-01-15 13:13:26 [35mhttp[39m: [35mPOST /api/auth/signin 200 407 - 91.552 ms[39m
2025-01-15 14:53:03 [32minfo[39m: [32mAttempting user registration[39m
2025-01-15 14:53:03 [32minfo[39m: [32mNo user found with the provided email ID[39m
2025-01-15 14:53:03 [35mhttp[39m: [35mPOST /api/auth/signup 400 54 - 26.580 ms[39m
2025-01-15 14:53:03 [32minfo[39m: [32mAttempting user registration[39m
2025-01-15 14:53:03 [32minfo[39m: [32mNo user found with the provided email ID[39m
2025-01-15 14:53:03 [35mhttp[39m: [35mPOST /api/auth/signup 400 54 - 5.138 ms[39m
2025-01-15 14:53:03 [32minfo[39m: [32mAttempting user registration[39m
2025-01-15 14:53:03 [32minfo[39m: [32mNo user found with the provided email ID[39m
2025-01-15 14:53:03 [35mhttp[39m: [35mPOST /api/auth/signup 400 54 - 3.729 ms[39m
2025-01-15 14:53:03 [32minfo[39m: [32mAttempting user registration[39m
2025-01-15 14:53:03 [32minfo[39m: [32mNo user found with the provided email ID[39m
2025-01-15 14:53:03 [35mhttp[39m: [35mPOST /api/auth/signup 400 54 - 5.673 ms[39m
2025-01-15 14:53:03 [32minfo[39m: [32mAttempting user registration[39m
2025-01-15 14:53:03 [32minfo[39m: [32mNo user found with the provided email ID[39m
2025-01-15 14:53:03 [35mhttp[39m: [35mPOST /api/auth/signup 400 54 - 2.447 ms[39m
2025-01-15 14:53:03 [35mhttp[39m: [35mPOST /api/auth/signup 429 73 - 0.890 ms[39m
2025-01-15 14:53:03 [35mhttp[39m: [35mPOST /api/auth/signup 429 73 - 0.392 ms[39m
2025-01-15 14:53:03 [35mhttp[39m: [35mPOST /api/auth/signup 429 73 - 0.404 ms[39m
2025-01-15 14:55:45 [32minfo[39m: [32mServer is running at http://localhost:8080[39m
2025-01-15 14:55:56 [32minfo[39m: [32mAttempting user registration[39m
2025-01-15 14:55:56 [32minfo[39m: [32mNo user found with the provided email ID[39m
2025-01-15 14:55:56 [35mhttp[39m: [35mPOST /api/auth/signup 400 54 - 23.231 ms[39m
2025-01-15 14:56:02 [32minfo[39m: [32mAttempting user registration[39m
2025-01-15 14:56:02 [32minfo[39m: [32mNo user found with the provided email ID[39m
2025-01-15 14:56:02 [35mhttp[39m: [35mPOST /api/auth/signup 400 54 - 11.756 ms[39m
2025-01-15 14:56:36 [32minfo[39m: [32mServer is running at http://localhost:8080[39m
2025-01-15 14:56:47 [32minfo[39m: [32mAttempting user registration[39m
2025-01-15 14:56:47 [32minfo[39m: [32mNo user found with the provided email ID[39m
2025-01-15 14:56:47 [35mhttp[39m: [35mPOST /api/auth/signup 400 54 - 16.080 ms[39m
2025-01-15 14:58:06 [32minfo[39m: [32mServer is running at http://localhost:8080[39m
2025-01-15 14:58:08 [32minfo[39m: [32mAttempting user registration[39m
2025-01-15 14:58:08 [32minfo[39m: [32mNo user found with the provided email ID[39m
2025-01-15 14:58:08 [32minfo[39m: [32mUser registered successfully: john.doe12e@example.com[39m
2025-01-15 14:58:08 [35mhttp[39m: [35mPOST /api/auth/signup 201 152 - 99.707 ms[39m
2025-01-15 14:58:35 [32minfo[39m: [32mAttempting user registration[39m
2025-01-15 14:58:35 [32minfo[39m: [32mUser exists with the provided email ID[39m
2025-01-15 14:58:35 [35mhttp[39m: [35mPOST /api/auth/signup 400 54 - 13.914 ms[39m
2025-01-15 14:58:51 [32minfo[39m: [32mAttempting user registration[39m
2025-01-15 14:58:51 [32minfo[39m: [32mNo user found with the provided email ID[39m
2025-01-15 14:58:51 [32minfo[39m: [32mUser registered successfully: john.doe42@example.com[39m
2025-01-15 14:58:51 [35mhttp[39m: [35mPOST /api/auth/signup 201 152 - 79.012 ms[39m
2025-01-15 14:58:51 [32minfo[39m: [32mAttempting user registration[39m
2025-01-15 14:58:51 [32minfo[39m: [32mUser exists with the provided email ID[39m
2025-01-15 14:58:51 [35mhttp[39m: [35mPOST /api/auth/signup 400 54 - 5.727 ms[39m
2025-01-15 14:58:51 [32minfo[39m: [32mAttempting user registration[39m
2025-01-15 14:58:51 [32minfo[39m: [32mUser exists with the provided email ID[39m
2025-01-15 14:58:51 [35mhttp[39m: [35mPOST /api/auth/signup 400 54 - 6.112 ms[39m
2025-01-15 14:58:51 [32minfo[39m: [32mAttempting user registration[39m
2025-01-15 14:58:51 [32minfo[39m: [32mUser exists with the provided email ID[39m
2025-01-15 14:58:51 [35mhttp[39m: [35mPOST /api/auth/signup 400 54 - 6.938 ms[39m
2025-01-15 14:58:51 [32minfo[39m: [32mAttempting user registration[39m
2025-01-15 14:58:51 [32minfo[39m: [32mUser exists with the provided email ID[39m
2025-01-15 14:58:51 [35mhttp[39m: [35mPOST /api/auth/signup 400 54 - 9.656 ms[39m
2025-01-15 14:58:51 [35mhttp[39m: [35mPOST /api/auth/signup 429 73 - 0.752 ms[39m
2025-01-15 14:58:51 [35mhttp[39m: [35mPOST /api/auth/signup 429 73 - 0.524 ms[39m
2025-01-15 14:58:51 [35mhttp[39m: [35mPOST /api/auth/signup 429 73 - 0.437 ms[39m
2025-01-15 15:06:56 [35mhttp[39m: [35mPOST /api/auth/signup 429 73 - 0.495 ms[39m
2025-01-15 15:06:56 [35mhttp[39m: [35mPOST /api/auth/signup 429 73 - 0.680 ms[39m
2025-01-15 15:06:56 [35mhttp[39m: [35mPOST /api/auth/signup 429 73 - 0.291 ms[39m
2025-01-15 15:06:56 [35mhttp[39m: [35mPOST /api/auth/signup 429 73 - 1.435 ms[39m
2025-01-15 15:06:56 [35mhttp[39m: [35mPOST /api/auth/signup 429 73 - 0.731 ms[39m
2025-01-15 15:06:56 [35mhttp[39m: [35mPOST /api/auth/signup 429 73 - 0.434 ms[39m
2025-01-15 15:06:56 [35mhttp[39m: [35mPOST /api/auth/signup 429 73 - 0.608 ms[39m
2025-01-15 15:06:56 [35mhttp[39m: [35mPOST /api/auth/signup 429 73 - 0.480 ms[39m
2025-01-15 15:08:10 [35mhttp[39m: [35mPOST /api/auth/signup 429 73 - 0.278 ms[39m
2025-01-15 15:08:10 [35mhttp[39m: [35mPOST /api/auth/signup 429 73 - 0.286 ms[39m
2025-01-15 15:08:10 [35mhttp[39m: [35mPOST /api/auth/signup 429 73 - 0.523 ms[39m
2025-01-15 15:08:10 [35mhttp[39m: [35mPOST /api/auth/signup 429 73 - 0.335 ms[39m
2025-01-15 15:08:10 [35mhttp[39m: [35mPOST /api/auth/signup 429 73 - 0.464 ms[39m
2025-01-15 15:08:10 [35mhttp[39m: [35mPOST /api/auth/signup 429 73 - 0.573 ms[39m
2025-01-15 15:08:10 [35mhttp[39m: [35mPOST /api/auth/signup 429 73 - 0.543 ms[39m
2025-01-15 15:08:54 [32minfo[39m: [32mServer is running at http://localhost:8080[39m
2025-01-15 15:13:16 [32minfo[39m: [32mServer is running at http://localhost:8080[39m
2025-01-15 15:13:23 [32minfo[39m: [32mAttempting user registration[39m
2025-01-15 15:13:23 [32minfo[39m: [32mNo user found with the provided email ID[39m
2025-01-15 15:13:23 [32minfo[39m: [32mUser registered successfully: john.doe80@example.com[39m
2025-01-15 15:13:23 [35mhttp[39m: [35mPOST /api/auth/signup 201 152 - 97.361 ms[39m
2025-01-15 15:13:23 [32minfo[39m: [32mAttempting user registration[39m
2025-01-15 15:13:23 [32minfo[39m: [32mUser exists with the provided email ID[39m
2025-01-15 15:13:23 [35mhttp[39m: [35mPOST /api/auth/signup 400 54 - 8.793 ms[39m
2025-01-15 15:13:23 [32minfo[39m: [32mAttempting user registration[39m
2025-01-15 15:13:23 [32minfo[39m: [32mUser exists with the provided email ID[39m
2025-01-15 15:13:23 [35mhttp[39m: [35mPOST /api/auth/signup 400 54 - 4.892 ms[39m
2025-01-15 15:13:23 [32minfo[39m: [32mAttempting user registration[39m
2025-01-15 15:13:23 [32minfo[39m: [32mUser exists with the provided email ID[39m
2025-01-15 15:13:23 [35mhttp[39m: [35mPOST /api/auth/signup 400 54 - 4.707 ms[39m
2025-01-15 15:13:23 [32minfo[39m: [32mAttempting user registration[39m
2025-01-15 15:13:23 [32minfo[39m: [32mUser exists with the provided email ID[39m
2025-01-15 15:13:23 [35mhttp[39m: [35mPOST /api/auth/signup 400 54 - 4.064 ms[39m
2025-01-15 15:13:23 [35mhttp[39m: [35mPOST /api/auth/signup 429 73 - 0.567 ms[39m
2025-01-15 15:13:23 [35mhttp[39m: [35mPOST /api/auth/signup 429 73 - 0.331 ms[39m
2025-01-15 15:15:12 [32minfo[39m: [32mAttempting user registration[39m
2025-01-15 15:15:12 [32minfo[39m: [32mNo user found with the provided email ID[39m
2025-01-15 15:15:12 [32minfo[39m: [32mUser registered successfully: john.doe12we@example.com[39m
2025-01-15 15:15:12 [35mhttp[39m: [35mPOST /api/auth/signup 201 152 - 84.988 ms[39m
2025-01-15 15:15:16 [32minfo[39m: [32mAttempting user registration[39m
2025-01-15 15:15:16 [32minfo[39m: [32mNo user found with the provided email ID[39m
2025-01-15 15:15:17 [32minfo[39m: [32mUser registered successfully: john.doe12wwe@example.com[39m
2025-01-15 15:15:17 [35mhttp[39m: [35mPOST /api/auth/signup 201 152 - 171.972 ms[39m
2025-01-15 15:15:21 [32minfo[39m: [32mAttempting user registration[39m
2025-01-15 15:15:21 [32minfo[39m: [32mNo user found with the provided email ID[39m
2025-01-15 15:15:21 [32minfo[39m: [32mUser registered successfully: john.doe12wwwe@example.com[39m
2025-01-15 15:15:21 [35mhttp[39m: [35mPOST /api/auth/signup 201 152 - 141.173 ms[39m
2025-01-15 15:15:25 [32minfo[39m: [32mAttempting user registration[39m
2025-01-15 15:15:25 [32minfo[39m: [32mNo user found with the provided email ID[39m
2025-01-15 15:15:25 [32minfo[39m: [32mUser registered successfully: john.doe12wwwew@example.com[39m
2025-01-15 15:15:25 [35mhttp[39m: [35mPOST /api/auth/signup 201 152 - 97.087 ms[39m
2025-01-15 15:15:28 [32minfo[39m: [32mAttempting user registration[39m
2025-01-15 15:15:28 [32minfo[39m: [32mNo user found with the provided email ID[39m
2025-01-15 15:15:29 [32minfo[39m: [32mUser registered successfully: john.doe12wwwwew@example.com[39m
2025-01-15 15:15:29 [35mhttp[39m: [35mPOST /api/auth/signup 201 152 - 133.212 ms[39m
2025-01-15 15:15:32 [35mhttp[39m: [35mPOST /api/auth/signup 429 73 - 0.646 ms[39m
2025-01-15 15:18:34 [32minfo[39m: [32mServer is running at http://localhost:8080[39m
2025-01-15 15:18:57 [32minfo[39m: [32mServer is running at http://localhost:8080[39m
2025-01-15 15:19:12 [32minfo[39m: [32mServer is running at http://localhost:8080[39m
2025-01-15 15:19:28 [32minfo[39m: [32mServer is running at http://localhost:8080[39m
2025-01-15 15:21:10 [32minfo[39m: [32mAttempting user registration[39m
2025-01-15 15:21:10 [32minfo[39m: [32mNo user found with the provided email ID[39m
2025-01-15 15:21:11 [32minfo[39m: [32mUser registered successfully: john.doe@example.com[39m
2025-01-15 15:21:11 [35mhttp[39m: [35mPOST /api/auth/signup 201 152 - 159.491 ms[39m
2025-01-15 15:21:27 [32minfo[39m: [32mAttempting user login[39m
2025-01-15 15:21:27 [32minfo[39m: [32mUser exists with the provided email ID[39m
2025-01-15 15:21:28 [35mhttp[39m: [35mPOST /api/auth/signin 200 405 - 117.839 ms[39m
2025-01-15 15:21:48 [32minfo[39m: [32mAttempting user login[39m
2025-01-15 15:21:48 [32minfo[39m: [32mUser exists with the provided email ID[39m
2025-01-15 15:21:48 [35mhttp[39m: [35mPOST /api/auth/signin 200 405 - 100.011 ms[39m
2025-01-15 15:21:49 [32minfo[39m: [32mAttempting user login[39m
2025-01-15 15:21:49 [32minfo[39m: [32mUser exists with the provided email ID[39m
2025-01-15 15:21:50 [35mhttp[39m: [35mPOST /api/auth/signin 200 405 - 137.561 ms[39m
2025-01-15 15:21:51 [32minfo[39m: [32mAttempting user login[39m
2025-01-15 15:21:51 [32minfo[39m: [32mUser exists with the provided email ID[39m
2025-01-15 15:21:51 [35mhttp[39m: [35mPOST /api/auth/signin 200 405 - 99.292 ms[39m
2025-01-15 15:21:52 [35mhttp[39m: [35mPOST /api/auth/signin 429 73 - 1.409 ms[39m
2025-01-15 15:22:22 [35mhttp[39m: [35mPOST /api/auth/signup 429 73 - 0.722 ms[39m
2025-01-15 15:25:46 [35mhttp[39m: [35mPOST /api/auth/signup 429 73 - 0.747 ms[39m
2025-01-15 15:27:23 [35mhttp[39m: [35mPOST /api/auth/signup 429 73 - 0.819 ms[39m
2025-01-15 15:27:41 [35mhttp[39m: [35mPOST /api/auth/signup 429 73 - 1.420 ms[39m
2025-01-15 15:28:41 [32minfo[39m: [32mServer is running at http://localhost:8080[39m
2025-01-15 15:28:46 [32minfo[39m: [32mAttempting user registration[39m
2025-01-15 15:28:46 [32minfo[39m: [32mNo user found with the provided email ID[39m
2025-01-15 15:28:46 [32minfo[39m: [32mUser registered successfully: john.doe@example.com[39m
2025-01-15 15:28:46 [35mhttp[39m: [35mPOST /api/auth/signup 201 152 - 89.845 ms[39m
2025-01-15 15:28:54 [32minfo[39m: [32mAttempting user login[39m
2025-01-15 15:28:54 [32minfo[39m: [32mUser exists with the provided email ID[39m
2025-01-15 15:28:54 [35mhttp[39m: [35mPOST /api/auth/signin 200 405 - 96.323 ms[39m
2025-01-15 15:31:26 [32minfo[39m: [32mServer is running at http://localhost:8080[39m
2025-01-15 15:31:34 [32minfo[39m: [32mAttempting user login[39m
2025-01-15 15:31:34 [32minfo[39m: [32mUser exists with the provided email ID[39m
2025-01-15 15:31:34 [35mhttp[39m: [35mPOST /api/auth/signin 200 405 - 137.991 ms[39m
2025-01-15 15:34:39 [32minfo[39m: [32mServer is running at http://localhost:8080[39m
2025-01-15 15:35:06 [35mhttp[39m: [35mGET /api-docs/ 304 - - 7.350 ms[39m
2025-01-15 15:35:06 [35mhttp[39m: [35mGET /api-docs/swagger-ui.css 304 - - 2.778 ms[39m
2025-01-15 15:35:06 [35mhttp[39m: [35mGET /api-docs/swagger-ui-init.js 200 4585 - 1.210 ms[39m
2025-01-15 15:35:06 [35mhttp[39m: [35mGET /api-docs/swagger-ui-bundle.js 304 - - 7.863 ms[39m
2025-01-15 15:35:06 [35mhttp[39m: [35mGET /api-docs/swagger-ui-standalone-preset.js 304 - - 3.784 ms[39m
2025-01-15 15:35:07 [35mhttp[39m: [35mGET /api-docs/favicon-32x32.png 304 - - 0.679 ms[39m
2025-01-15 15:36:05 [32minfo[39m: [32mServer is running at http://localhost:8080[39m
2025-01-15 15:36:08 [35mhttp[39m: [35mGET /api-docs/ 304 - - 8.169 ms[39m
2025-01-15 15:36:08 [35mhttp[39m: [35mGET /api-docs/swagger-ui.css 304 - - 1.347 ms[39m
2025-01-15 15:36:08 [35mhttp[39m: [35mGET /api-docs/swagger-ui-bundle.js 304 - - 0.865 ms[39m
2025-01-15 15:36:08 [35mhttp[39m: [35mGET /api-docs/swagger-ui-init.js 200 4603 - 0.499 ms[39m
2025-01-15 15:36:08 [35mhttp[39m: [35mGET /api-docs/swagger-ui-standalone-preset.js 304 - - 0.819 ms[39m
2025-01-15 15:36:08 [35mhttp[39m: [35mGET /api-docs/favicon-32x32.png 304 - - 0.621 ms[39m
2025-01-15 15:36:31 [32minfo[39m: [32mServer is running at http://localhost:8080[39m
2025-01-15 15:36:33 [35mhttp[39m: [35mGET /api-docs/ 304 - - 6.777 ms[39m
2025-01-15 15:36:33 [35mhttp[39m: [35mGET /api-docs/swagger-ui.css 304 - - 1.360 ms[39m
2025-01-15 15:36:33 [35mhttp[39m: [35mGET /api-docs/swagger-ui-bundle.js 304 - - 1.044 ms[39m
2025-01-15 15:36:33 [35mhttp[39m: [35mGET /api-docs/swagger-ui-init.js 200 3744 - 0.954 ms[39m
2025-01-15 15:36:33 [35mhttp[39m: [35mGET /api-docs/swagger-ui-standalone-preset.js 304 - - 8.686 ms[39m
2025-01-15 15:36:33 [35mhttp[39m: [35mGET /api-docs/favicon-32x32.png 304 - - 0.519 ms[39m
2025-01-15 15:36:41 [32minfo[39m: [32mServer is running at http://localhost:8080[39m
2025-01-15 15:36:42 [35mhttp[39m: [35mGET /api-docs/ 304 - - 8.099 ms[39m
2025-01-15 15:36:42 [35mhttp[39m: [35mGET /api-docs/swagger-ui.css 304 - - 1.510 ms[39m
2025-01-15 15:36:42 [35mhttp[39m: [35mGET /api-docs/swagger-ui-init.js 200 4603 - 0.391 ms[39m
2025-01-15 15:36:42 [35mhttp[39m: [35mGET /api-docs/swagger-ui-bundle.js 304 - - 4.851 ms[39m
2025-01-15 15:36:42 [35mhttp[39m: [35mGET /api-docs/swagger-ui-standalone-preset.js 304 - - 5.220 ms[39m
2025-01-15 15:36:42 [35mhttp[39m: [35mGET /api-docs/favicon-32x32.png 304 - - 0.480 ms[39m
2025-01-15 16:06:44 [32minfo[39m: [32mServer is running at http://localhost:8080[39m
2025-01-15 16:07:07 [32minfo[39m: [32mServer is running at http://localhost:8080[39m
2025-01-15 16:07:10 [35mhttp[39m: [35mGET /api-docs/ 304 - - 10.276 ms[39m
2025-01-15 16:07:10 [35mhttp[39m: [35mGET /api-docs/swagger-ui.css 304 - - 3.243 ms[39m
2025-01-15 16:07:10 [35mhttp[39m: [35mGET /api-docs/swagger-ui-standalone-preset.js 304 - - 0.653 ms[39m
2025-01-15 16:07:10 [35mhttp[39m: [35mGET /api-docs/swagger-ui-bundle.js 304 - - 1.032 ms[39m
2025-01-15 16:07:10 [35mhttp[39m: [35mGET /api-docs/swagger-ui-init.js 200 5089 - 0.612 ms[39m
2025-01-15 16:07:10 [35mhttp[39m: [35mGET /api-docs/favicon-32x32.png 304 - - 1.072 ms[39m
2025-01-15 16:10:02 [32minfo[39m: [32mServer is running at http://localhost:8080[39m
2025-01-15 16:10:49 [32minfo[39m: [32mServer is running at http://localhost:8080[39m
2025-01-15 16:11:21 [32minfo[39m: [32mServer is running at http://localhost:8080[39m
2025-01-15 16:11:47 [32minfo[39m: [32mServer is running at http://localhost:8080[39m
2025-01-15 16:11:56 [35mhttp[39m: [35mGET /api-docs/ 304 - - 5.826 ms[39m
2025-01-15 16:11:56 [35mhttp[39m: [35mGET /api-docs/swagger-ui.css 304 - - 1.793 ms[39m
2025-01-15 16:11:56 [35mhttp[39m: [35mGET /api-docs/swagger-ui-bundle.js 304 - - 1.154 ms[39m
2025-01-15 16:11:56 [35mhttp[39m: [35mGET /api-docs/swagger-ui-init.js 200 3377 - 0.711 ms[39m
2025-01-15 16:11:56 [35mhttp[39m: [35mGET /api-docs/swagger-ui-standalone-preset.js 304 - - 5.401 ms[39m
2025-01-15 16:11:57 [35mhttp[39m: [35mGET /api-docs/favicon-32x32.png 304 - - 0.859 ms[39m
2025-01-15 16:18:04 [32minfo[39m: [32mServer is running at http://localhost:8080[39m
2025-01-15 16:18:27 [32minfo[39m: [32mServer is running at http://localhost:8080[39m
2025-01-15 16:18:32 [35mhttp[39m: [35mGET /api-docs/ 304 - - 3.478 ms[39m
2025-01-15 16:18:32 [35mhttp[39m: [35mGET /api-docs/swagger-ui.css 304 - - 1.801 ms[39m
2025-01-15 16:18:32 [35mhttp[39m: [35mGET /api-docs/swagger-ui-bundle.js 304 - - 0.914 ms[39m
2025-01-15 16:18:32 [35mhttp[39m: [35mGET /api-docs/swagger-ui-init.js 200 5089 - 0.459 ms[39m
2025-01-15 16:18:32 [35mhttp[39m: [35mGET /api-docs/swagger-ui-standalone-preset.js 304 - - 4.043 ms[39m
2025-01-15 16:18:32 [35mhttp[39m: [35mGET /api-docs/favicon-32x32.png 304 - - 5.569 ms[39m
2025-01-15 16:19:16 [32minfo[39m: [32mServer is running at http://localhost:8080[39m
2025-01-15 16:19:21 [35mhttp[39m: [35mGET /api-docs/ 304 - - 8.021 ms[39m
2025-01-15 16:19:21 [35mhttp[39m: [35mGET /api-docs/swagger-ui.css 304 - - 2.082 ms[39m
2025-01-15 16:19:21 [35mhttp[39m: [35mGET /api-docs/swagger-ui-bundle.js 304 - - 1.634 ms[39m
2025-01-15 16:19:21 [35mhttp[39m: [35mGET /api-docs/swagger-ui-init.js 200 5089 - 0.541 ms[39m
2025-01-15 16:19:21 [35mhttp[39m: [35mGET /api-docs/swagger-ui-standalone-preset.js 304 - - 4.897 ms[39m
2025-01-15 16:19:21 [35mhttp[39m: [35mGET /api-docs/favicon-32x32.png 304 - - 2.397 ms[39m
2025-01-15 16:22:26 [32minfo[39m: [32mServer is running at http://localhost:8080[39m
2025-01-15 17:11:44 [32minfo[39m: [32mServer is running at http://localhost:8080[39m
2025-01-15 17:12:00 [32minfo[39m: [32mServer is running at http://localhost:8080[39m
2025-01-15 17:13:14 [32minfo[39m: [32mServer is running at http://localhost:8080[39m
2025-01-15 17:13:51 [32minfo[39m: [32mServer is running at http://localhost:8080[39m
2025-01-15 17:15:17 [32minfo[39m: [32mServer is running at http://localhost:8080[39m
2025-01-15 17:15:27 [32minfo[39m: [32mServer is running at http://localhost:8080[39m
2025-01-15 17:15:45 [32minfo[39m: [32mServer is running at http://localhost:8080[39m
2025-01-15 17:15:58 [32minfo[39m: [32mServer is running at http://localhost:8080[39m
2025-01-15 17:17:52 [32minfo[39m: [32mServer is running at http://localhost:8080[39m
2025-01-15 18:39:35 [32minfo[39m: [32mServer is running at http://localhost:8080[39m
2025-01-15 18:40:13 [32minfo[39m: [32mServer is running at http://localhost:8080[39m
2025-01-15 19:04:10 [32minfo[39m: [32mServer is running at http://localhost:8080[39m
2025-01-15 19:04:58 [32minfo[39m: [32mServer is running at http://localhost:8080[39m
2025-01-15 19:05:04 [32minfo[39m: [32mServer is running at http://localhost:8080[39m
2025-01-15 19:07:18 [32minfo[39m: [32mServer is running at http://localhost:8080[39m
2025-01-15 19:08:03 [32minfo[39m: [32mServer is running at http://localhost:8080[39m
2025-01-15 19:09:16 [32minfo[39m: [32mServer is running at http://localhost:8080[39m
2025-01-15 19:09:40 [32minfo[39m: [32mServer is running at http://localhost:8080[39m
2025-01-15 19:09:45 [32minfo[39m: [32mServer is running at http://localhost:8080[39m
2025-01-15 19:14:00 [32minfo[39m: [32mServer is running at http://localhost:8080[39m
2025-01-16 11:18:15 [32minfo[39m: [32mServer is running at http://localhost:8080[39m
2025-01-16 11:18:20 [35mhttp[39m: [35mPOST /api/task/add-task 200 50 - 5.516 ms[39m
2025-01-16 11:22:15 [32minfo[39m: [32mServer is running at http://localhost:8080[39m
2025-01-16 11:22:29 [35mhttp[39m: [35mPOST /api/task/add-task 200 50 - 17.989 ms[39m
2025-01-16 11:23:09 [32minfo[39m: [32mServer is running at http://localhost:8080[39m
2025-01-16 11:23:32 [35mhttp[39m: [35mPOST /api/task/add-task 400 75 - 14.781 ms[39m
2025-01-16 11:24:01 [32minfo[39m: [32mServer is running at http://localhost:8080[39m
2025-01-16 11:24:03 [35mhttp[39m: [35mPOST /api/task/add-task 200 50 - 7.576 ms[39m
2025-01-16 11:24:13 [32minfo[39m: [32mServer is running at http://localhost:8080[39m
2025-01-16 11:24:14 [35mhttp[39m: [35mPOST /api/task/add-task 400 75 - 14.638 ms[39m
2025-01-16 11:30:15 [32minfo[39m: [32mServer is running at http://localhost:8080[39m
2025-01-16 11:30:19 [35mhttp[39m: [35mPOST /api/task/add-task 400 75 - 5.945 ms[39m
2025-01-16 11:38:12 [32minfo[39m: [32mServer is running at http://localhost:8080[39m
2025-01-16 11:38:57 [32minfo[39m: [32mServer is running at http://localhost:8080[39m
2025-01-16 11:39:33 [32minfo[39m: [32mServer is running at http://localhost:8080[39m
2025-01-16 11:39:48 [35mhttp[39m: [35mPOST /api/task/add-task 400 75 - 7.892 ms[39m
2025-01-16 11:41:14 [32minfo[39m: [32mServer is running at http://localhost:8080[39m
2025-01-16 11:42:13 [32minfo[39m: [32mServer is running at http://localhost:8080[39m
2025-01-16 11:42:43 [32minfo[39m: [32mServer is running at http://localhost:8080[39m
2025-01-16 11:42:52 [32minfo[39m: [32mServer is running at http://localhost:8080[39m
2025-01-16 11:46:33 [35mhttp[39m: [35mPOST /api/task/add-task 400 75 - 10.153 ms[39m
2025-01-16 11:46:37 [32minfo[39m: [32mAttempting to add task[39m
2025-01-16 11:46:37 [32minfo[39m: [32mtask added successfully[39m
2025-01-16 11:46:37 [35mhttp[39m: [35mPOST /api/task/add-task 200 50 - 11.983 ms[39m
2025-01-16 11:47:24 [32minfo[39m: [32mServer is running at http://localhost:8080[39m
2025-01-16 11:47:29 [32minfo[39m: [32mServer is running at http://localhost:8080[39m
2025-01-16 11:47:30 [32minfo[39m: [32mAttempting to add task[39m
2025-01-16 11:47:30 [32minfo[39m: [32mtask added successfully[39m
2025-01-16 11:47:30 [35mhttp[39m: [35mPOST /api/task/add-task 200 50 - 11.691 ms[39m
2025-01-16 11:50:26 [32minfo[39m: [32mServer is running at http://localhost:8080[39m
2025-01-16 11:50:31 [32minfo[39m: [32mAttempting user login[39m
2025-01-16 11:50:31 [32minfo[39m: [32mUser exists with the provided email ID[39m
2025-01-16 11:50:32 [35mhttp[39m: [35mPOST /api/auth/signin 200 453 - 146.239 ms[39m
2025-01-16 11:51:00 [32minfo[39m: [32mServer is running at http://localhost:8080[39m
2025-01-16 11:56:36 [32minfo[39m: [32mServer is running at http://localhost:8080[39m
2025-01-16 11:56:48 [32minfo[39m: [32mServer is running at http://localhost:8080[39m
2025-01-16 11:58:00 [32minfo[39m: [32mAttempting to add task[39m
2025-01-16 11:58:00 [32minfo[39m: [32mtask added successfully[39m
2025-01-16 11:58:00 [35mhttp[39m: [35mPOST /api/task/add-task 200 50 - 21.873 ms[39m
2025-01-16 11:58:09 [32minfo[39m: [32mServer is running at http://localhost:8080[39m
2025-01-16 11:58:26 [32minfo[39m: [32mServer is running at http://localhost:8080[39m
2025-01-16 11:58:57 [32minfo[39m: [32mServer is running at http://localhost:8080[39m
2025-01-16 11:59:00 [32minfo[39m: [32mAttempting to add task[39m
2025-01-16 11:59:00 [32minfo[39m: [32mtask added successfully[39m
2025-01-16 11:59:00 [35mhttp[39m: [35mPOST /api/task/add-task 200 50 - 17.268 ms[39m
2025-01-16 11:59:33 [35mhttp[39m: [35mPOST /api/task/add-task 401 56 - 0.904 ms[39m
2025-01-16 11:59:38 [32minfo[39m: [32mAttempting to add task[39m
2025-01-16 11:59:38 [32minfo[39m: [32mtask added successfully[39m
2025-01-16 11:59:38 [35mhttp[39m: [35mPOST /api/task/add-task 200 50 - 8.026 ms[39m
2025-01-16 13:11:22 [32minfo[39m: [32mServer is running at http://localhost:8080[39m
2025-01-16 13:15:06 [32minfo[39m: [32mServer is running at http://localhost:8080[39m
2025-01-16 13:15:46 [32minfo[39m: [32mServer is running at http://localhost:8080[39m
2025-01-16 13:17:04 [32minfo[39m: [32mServer is running at http://localhost:8080[39m
2025-01-16 13:17:11 [32minfo[39m: [32mServer is running at http://localhost:8080[39m
2025-01-16 13:21:51 [32minfo[39m: [32mServer is running at http://localhost:8080[39m
2025-01-16 13:21:57 [35mhttp[39m: [35mPOST /api/task/add-task 401 52 - 5.266 ms[39m
2025-01-16 13:22:11 [32minfo[39m: [32mAttempting user login[39m
2025-01-16 13:22:11 [32minfo[39m: [32mUser exists with the provided email ID[39m
2025-01-16 13:22:11 [35mhttp[39m: [35mPOST /api/auth/signin 200 405 - 180.241 ms[39m
2025-01-16 13:22:27 [32minfo[39m: [32mAttempting to add task[39m
2025-01-16 13:22:27 [31merror[39m: [31muser id is required[39m
2025-01-16 13:22:27 [31merror[39m: [31muser is not defined[39m
2025-01-16 13:22:27 [35mhttp[39m: [35mPOST /api/task/add-task 500 51 - 15.549 ms[39m
2025-01-16 13:22:57 [32minfo[39m: [32mServer is running at http://localhost:8080[39m
2025-01-16 13:22:59 [32minfo[39m: [32mAttempting to add task[39m
2025-01-16 13:22:59 [31merror[39m: [31muser is not defined[39m
2025-01-16 13:22:59 [35mhttp[39m: [35mPOST /api/task/add-task 500 51 - 37.913 ms[39m
2025-01-16 13:23:13 [32minfo[39m: [32mServer is running at http://localhost:8080[39m
2025-01-16 13:23:16 [32minfo[39m: [32mAttempting to add task[39m
2025-01-16 13:23:16 [32minfo[39m: [32mtask added successfully[39m
2025-01-16 13:23:16 [35mhttp[39m: [35mPOST /api/task/add-task 200 50 - 39.709 ms[39m
2025-01-16 13:25:58 [32minfo[39m: [32mServer is running at http://localhost:8080[39m
2025-01-16 13:26:55 [32minfo[39m: [32mServer is running at http://localhost:8080[39m
2025-01-16 13:28:12 [32minfo[39m: [32mServer is running at http://localhost:8080[39m
2025-01-16 13:31:05 [32minfo[39m: [32mServer is running at http://localhost:8080[39m
2025-01-16 13:32:37 [32minfo[39m: [32mServer is running at http://localhost:8080[39m
2025-01-16 13:32:40 [32minfo[39m: [32mAttempting to add task[39m
2025-01-16 13:32:40 [32minfo[39m: [32mtask added successfully[39m
2025-01-16 13:32:40 [35mhttp[39m: [35mPOST /api/task/add-task 200 50 - 40.714 ms[39m
2025-01-16 13:33:58 [32minfo[39m: [32mServer is running at http://localhost:8080[39m
2025-01-16 13:35:28 [32minfo[39m: [32mServer is running at http://localhost:8080[39m
2025-01-16 13:36:54 [32minfo[39m: [32mServer is running at http://localhost:8080[39m
2025-01-16 13:37:27 [32minfo[39m: [32mServer is running at http://localhost:8080[39m
2025-01-16 13:42:02 [32minfo[39m: [32mServer is running at http://localhost:8080[39m
2025-01-16 13:42:29 [32minfo[39m: [32mServer is running at http://localhost:8080[39m
2025-01-16 13:43:51 [32minfo[39m: [32mServer is running at http://localhost:8080[39m
2025-01-16 13:44:22 [32minfo[39m: [32mServer is running at http://localhost:8080[39m
2025-01-16 13:46:48 [32minfo[39m: [32mServer is running at http://localhost:8080[39m
2025-01-16 13:47:38 [32minfo[39m: [32mServer is running at http://localhost:8080[39m
2025-01-16 13:47:52 [32minfo[39m: [32mAttempting to add task[39m
2025-01-16 13:47:52 [31merror[39m: [31mlogger is not defined[39m
2025-01-16 13:47:52 [35mhttp[39m: [35mPOST /api/task/add-task 500 51 - 23.332 ms[39m
2025-01-16 13:48:06 [32minfo[39m: [32mServer is running at http://localhost:8080[39m
2025-01-16 13:48:09 [32minfo[39m: [32mAttempting to add task[39m
2025-01-16 13:48:09 [31merror[39m: [31mError adding task: userId is not defined[39m
2025-01-16 13:48:09 [32minfo[39m: [32mtask added successfully[39m
2025-01-16 13:48:09 [35mhttp[39m: [35mPOST /api/task/add-task 200 50 - 20.059 ms[39m
2025-01-16 13:48:25 [32minfo[39m: [32mServer is running at http://localhost:8080[39m
2025-01-16 13:51:24 [32minfo[39m: [32mAttempting to add task[39m
2025-01-16 13:51:24 [31merror[39m: [31mError adding task: column "title" does not exist[39m
2025-01-16 13:51:24 [32minfo[39m: [32mtask added successfully[39m
2025-01-16 13:51:24 [35mhttp[39m: [35mPOST /api/task/add-task 200 50 - 21.310 ms[39m
2025-01-16 13:52:58 [32minfo[39m: [32mAttempting to add task[39m
2025-01-16 13:52:58 [31merror[39m: [31mError adding task: column "title" does not exist[39m
2025-01-16 13:52:58 [32minfo[39m: [32mtask added successfully[39m
2025-01-16 13:52:58 [35mhttp[39m: [35mPOST /api/task/add-task 200 50 - 7.820 ms[39m
2025-01-16 13:54:24 [32minfo[39m: [32mServer is running at http://localhost:8080[39m
2025-01-16 13:54:32 [32minfo[39m: [32mServer is running at http://localhost:8080[39m
2025-01-16 13:54:35 [32minfo[39m: [32mAttempting to add task[39m
2025-01-16 13:54:35 [31merror[39m: [31mError adding task: addtitle is not defined[39m
2025-01-16 13:54:35 [32minfo[39m: [32mtask added successfully[39m
2025-01-16 13:54:35 [35mhttp[39m: [35mPOST /api/task/add-task 200 50 - 18.367 ms[39m
2025-01-16 13:54:48 [32minfo[39m: [32mServer is running at http://localhost:8080[39m
2025-01-16 13:54:49 [32minfo[39m: [32mAttempting to add task[39m
2025-01-16 13:54:49 [32minfo[39m: [32mtask added successfully[39m
2025-01-16 13:54:49 [35mhttp[39m: [35mPOST /api/task/add-task 200 50 - 23.564 ms[39m
2025-01-16 14:20:48 [32minfo[39m: [32mServer is running at http://localhost:8080[39m
2025-01-16 14:32:33 [32minfo[39m: [32mServer is running at http://localhost:8080[39m
2025-01-16 14:32:42 [35mhttp[39m: [35mPOST /api/task/add-task 401 52 - 5.480 ms[39m
2025-01-16 14:32:52 [32minfo[39m: [32mAttempting user login[39m
2025-01-16 14:32:52 [32minfo[39m: [32mUser exists with the provided email ID[39m
2025-01-16 14:32:52 [35mhttp[39m: [35mPOST /api/auth/signin 200 405 - 98.297 ms[39m
2025-01-16 14:33:18 [32minfo[39m: [32mAttempting to add task[39m
2025-01-16 14:33:18 [31merror[39m: [31mError adding task: invalid input syntax for type uuid: "{"id":"bb209df1-4041-4849-998c-c57d7f1d6edc"}"[39m
2025-01-16 14:33:18 [32minfo[39m: [32mtask added successfully[39m
2025-01-16 14:33:18 [35mhttp[39m: [35mPOST /api/task/add-task 200 50 - 13.935 ms[39m
2025-01-16 14:35:56 [32minfo[39m: [32mServer is running at http://localhost:8080[39m
2025-01-16 14:36:00 [32minfo[39m: [32mAttempting to add task[39m
2025-01-16 14:36:00 [31merror[39m: [31mError adding task: invalid input syntax for type uuid: "{"id":"9d18df6f-f442-42f4-ae79-3b7e5b9a62fe"}"[39m
2025-01-16 14:36:00 [32minfo[39m: [32mtask added successfully[39m
2025-01-16 14:36:00 [35mhttp[39m: [35mPOST /api/task/add-task 200 50 - 28.807 ms[39m
2025-01-16 14:37:02 [32minfo[39m: [32mServer is running at http://localhost:8080[39m
2025-01-16 14:37:53 [32minfo[39m: [32mServer is running at http://localhost:8080[39m
2025-01-16 14:38:02 [32minfo[39m: [32mAttempting to add task[39m
2025-01-16 14:38:02 [32minfo[39m: [32mtask added successfully[39m
2025-01-16 14:38:02 [35mhttp[39m: [35mPOST /api/task/add-task 200 50 - 40.615 ms[39m
2025-01-16 15:36:11 [32minfo[39m: [32mServer is running at http://localhost:8080[39m
2025-01-16 15:36:12 [35mhttp[39m: [35mPOST /api/task/add-task 401 52 - 4.859 ms[39m
2025-01-16 15:36:21 [32minfo[39m: [32mAttempting user login[39m
2025-01-16 15:36:21 [32minfo[39m: [32mUser exists with the provided email ID[39m
2025-01-16 15:36:21 [35mhttp[39m: [35mPOST /api/auth/signin 200 405 - 150.692 ms[39m
2025-01-16 15:36:56 [32minfo[39m: [32mAttempting user login[39m
2025-01-16 15:36:56 [32minfo[39m: [32mUser exists with the provided email ID[39m
2025-01-16 15:36:56 [35mhttp[39m: [35mPOST /api/auth/signin 200 405 - 157.669 ms[39m
2025-01-16 15:37:49 [32minfo[39m: [32mAttempting user login[39m
2025-01-16 15:37:49 [32minfo[39m: [32mUser exists with the provided email ID[39m
2025-01-16 15:37:49 [35mhttp[39m: [35mPOST /api/auth/signin 200 405 - 159.179 ms[39m
2025-01-16 15:43:46 [35mhttp[39m: [35mPOST /Pre-request%20Script 404 160 - 2.676 ms[39m
2025-01-16 15:43:56 [32minfo[39m: [32mAttempting user login[39m
2025-01-16 15:43:56 [32minfo[39m: [32mUser exists with the provided email ID[39m
2025-01-16 15:43:56 [35mhttp[39m: [35mPOST /api/auth/signin 200 405 - 149.909 ms[39m
2025-01-16 15:44:00 [35mhttp[39m: [35mPOST /api/task/add-task 401 56 - 0.546 ms[39m
2025-01-16 15:46:33 [35mhttp[39m: [35mPOST /api/task/add-task 401 56 - 0.515 ms[39m
2025-01-16 15:47:09 [35mhttp[39m: [35mPOST /api/task/add-task 401 56 - 0.644 ms[39m
2025-01-16 15:47:33 [35mhttp[39m: [35mPOST /api/task/add-task 401 56 - 0.434 ms[39m
2025-01-16 15:50:19 [35mhttp[39m: [35mPOST /api/task/add-task 401 56 - 0.944 ms[39m
2025-01-16 15:50:24 [32minfo[39m: [32mAttempting user login[39m
2025-01-16 15:50:24 [32minfo[39m: [32mUser exists with the provided email ID[39m
2025-01-16 15:50:24 [35mhttp[39m: [35mPOST /api/auth/signin 200 405 - 151.002 ms[39m
2025-01-16 15:50:41 [35mhttp[39m: [35mPOST /api/task/add-task 401 56 - 0.518 ms[39m
2025-01-16 15:51:15 [32minfo[39m: [32mAttempting to add task[39m
2025-01-16 15:51:15 [31merror[39m: [31mError adding : syntax error at or near "RETUNRING"[39m
2025-01-16 15:51:15 [32minfo[39m: [32mtask added successfully[39m
2025-01-16 15:51:15 [35mhttp[39m: [35mPOST /api/task/add-task 200 50 - 59.556 ms[39m
2025-01-16 15:53:49 [32minfo[39m: [32mAttempting to add task[39m
2025-01-16 15:53:49 [31merror[39m: [31mError adding : syntax error at or near "RETUNRING"[39m
2025-01-16 15:53:49 [32minfo[39m: [32mtask added successfully[39m
2025-01-16 15:53:49 [35mhttp[39m: [35mPOST /api/task/add-task 200 50 - 52.587 ms[39m
2025-01-16 15:54:15 [32minfo[39m: [32mServer is running at http://localhost:8080[39m
2025-01-16 15:54:16 [32minfo[39m: [32mAttempting to add task[39m
2025-01-16 15:54:16 [32minfo[39m: [32mtask added successfully[39m
2025-01-16 15:54:16 [35mhttp[39m: [35mPOST /api/task/add-task 200 50 - 62.773 ms[39m
2025-01-16 16:03:41 [32minfo[39m: [32mServer is running at http://localhost:8080[39m
2025-01-16 16:05:07 [32minfo[39m: [32mServer is running at http://localhost:8080[39m
2025-01-16 16:05:37 [32minfo[39m: [32mServer is running at http://localhost:8080[39m
2025-01-16 16:05:43 [32minfo[39m: [32mAttempting to add task[39m
2025-01-16 16:05:43 [31merror[39m: [31mError adding : duplicate key value violates unique constraint "tags_name_key"[39m
2025-01-16 16:05:43 [32minfo[39m: [32mtask added successfully[39m
2025-01-16 16:05:43 [35mhttp[39m: [35mPOST /api/task/add-task 200 50 - 36.537 ms[39m
2025-01-16 16:08:05 [32minfo[39m: [32mAttempting to add task[39m
2025-01-16 16:08:05 [32minfo[39m: [32mtask added successfully[39m
2025-01-16 16:08:05 [35mhttp[39m: [35mPOST /api/task/add-task 200 50 - 78.551 ms[39m
2025-01-16 16:08:05 [31merror[39m: [31mUnhandled Rejection at: [object Promise], reason: error: column "id" does not exist[39m
2025-01-16 16:08:05 [31merror[39m: [31mUnhandled Rejection at: [object Promise], reason: error: column "id" does not exist[39m
2025-01-16 16:09:31 [32minfo[39m: [32mServer is running at http://localhost:8080[39m
2025-01-16 16:09:41 [32minfo[39m: [32mAttempting to add task[39m
2025-01-16 16:09:41 [32minfo[39m: [32mtask added successfully[39m
2025-01-16 16:09:41 [35mhttp[39m: [35mPOST /api/task/add-task 200 50 - 77.491 ms[39m
2025-01-16 16:09:41 [31merror[39m: [31mUnhandled Rejection at: [object Promise], reason: error: column "id" does not exist[39m
2025-01-16 16:09:41 [31merror[39m: [31mUnhandled Rejection at: [object Promise], reason: error: column "id" does not exist[39m
2025-01-16 16:11:38 [32minfo[39m: [32mServer is running at http://localhost:8080[39m
2025-01-16 16:11:47 [32minfo[39m: [32mServer is running at http://localhost:8080[39m
2025-01-16 16:11:56 [32minfo[39m: [32mAttempting to add task[39m
2025-01-16 16:11:56 [32minfo[39m: [32mtask added successfully[39m
2025-01-16 16:11:56 [35mhttp[39m: [35mPOST /api/task/add-task 200 50 - 84.365 ms[39m
2025-01-16 16:11:56 [31merror[39m: [31mUnhandled Rejection at: [object Promise], reason: error: column "id" does not exist[39m
2025-01-16 16:11:56 [31merror[39m: [31mUnhandled Rejection at: [object Promise], reason: error: column "id" does not exist[39m
2025-01-16 16:12:46 [32minfo[39m: [32mServer is running at http://localhost:8080[39m
2025-01-16 16:12:48 [32minfo[39m: [32mAttempting to add task[39m
2025-01-16 16:12:48 [31merror[39m: [31mError adding : duplicate key value violates unique constraint "tags_name_key"[39m
2025-01-16 16:12:48 [32minfo[39m: [32mtask added successfully[39m
2025-01-16 16:12:48 [35mhttp[39m: [35mPOST /api/task/add-task 200 50 - 33.550 ms[39m
2025-01-16 16:12:58 [32minfo[39m: [32mAttempting to add task[39m
2025-01-16 16:12:59 [32minfo[39m: [32mtask added successfully[39m
2025-01-16 16:12:59 [35mhttp[39m: [35mPOST /api/task/add-task 200 50 - 25.003 ms[39m
2025-01-16 16:12:59 [31merror[39m: [31mUnhandled Rejection at: [object Promise], reason: error: column "id" does not exist[39m
2025-01-16 16:12:59 [31merror[39m: [31mUnhandled Rejection at: [object Promise], reason: error: column "id" does not exist[39m
2025-01-16 16:13:17 [32minfo[39m: [32mServer is running at http://localhost:8080[39m
2025-01-16 16:13:27 [32minfo[39m: [32mServer is running at http://localhost:8080[39m
2025-01-16 16:13:34 [32minfo[39m: [32mAttempting to add task[39m
2025-01-16 16:13:34 [32minfo[39m: [32mtask added successfully[39m
2025-01-16 16:13:34 [35mhttp[39m: [35mPOST /api/task/add-task 200 50 - 44.206 ms[39m
2025-01-16 16:13:34 [31merror[39m: [31mUnhandled Rejection at: [object Promise], reason: error: column "id" does not exist[39m
2025-01-16 16:13:34 [31merror[39m: [31mUnhandled Rejection at: [object Promise], reason: error: column "id" does not exist[39m
2025-01-16 16:30:07 [32minfo[39m: [32mServer is running at http://localhost:8080[39m
2025-01-16 16:30:14 [32minfo[39m: [32mAttempting to add task[39m
2025-01-16 16:30:14 [31merror[39m: [31mError adding task: column "id" does not exist[39m
2025-01-16 16:30:14 [32minfo[39m: [32mtask added successfully[39m
2025-01-16 16:30:14 [35mhttp[39m: [35mPOST /api/task/add-task 200 50 - 29.138 ms[39m
2025-01-16 16:32:15 [32minfo[39m: [32mServer is running at http://localhost:8080[39m
2025-01-16 16:32:21 [32minfo[39m: [32mAttempting to add task[39m
2025-01-16 16:32:21 [31merror[39m: [31mError adding task: Cannot read properties of undefined (reading 'id')[39m
2025-01-16 16:32:21 [32minfo[39m: [32mtask added successfully[39m
2025-01-16 16:32:21 [35mhttp[39m: [35mPOST /api/task/add-task 200 50 - 48.244 ms[39m
2025-01-16 16:32:44 [32minfo[39m: [32mServer is running at http://localhost:8080[39m
2025-01-16 16:32:59 [32minfo[39m: [32mAttempting to add task[39m
2025-01-16 16:32:59 [32minfo[39m: [32mtask added successfully[39m
2025-01-16 16:32:59 [35mhttp[39m: [35mPOST /api/task/add-task 200 50 - 29.197 ms[39m
2025-01-16 16:36:16 [32minfo[39m: [32mAttempting to add task[39m
2025-01-16 16:36:16 [31merror[39m: [31mError adding task: duplicate key value violates unique constraint "tags_name_key"[39m
2025-01-16 16:36:16 [32minfo[39m: [32mtask added successfully[39m
2025-01-16 16:36:16 [35mhttp[39m: [35mPOST /api/task/add-task 200 50 - 15.147 ms[39m
2025-01-16 16:38:54 [32minfo[39m: [32mServer is running at http://localhost:8080[39m
2025-01-16 16:38:59 [32minfo[39m: [32mAttempting to add task[39m
2025-01-16 16:38:59 [32minfo[39m: [32mtask added successfully[39m
2025-01-16 16:38:59 [35mhttp[39m: [35mPOST /api/task/add-task 200 50 - 36.996 ms[39m
2025-01-16 17:01:31 [32minfo[39m: [32mServer is running at http://localhost:8080[39m
2025-01-16 17:01:49 [32minfo[39m: [32mServer is running at http://localhost:8080[39m
2025-01-16 17:02:25 [32minfo[39m: [32mServer is running at http://localhost:8080[39m
2025-01-16 17:05:54 [32minfo[39m: [32mServer is running at http://localhost:8080[39m
2025-01-16 17:06:41 [32minfo[39m: [32mServer is running at http://localhost:8080[39m
2025-01-16 17:09:17 [35mhttp[39m: [35mPOST /api/task/add-task 401 52 - 4.769 ms[39m
2025-01-16 17:09:25 [32minfo[39m: [32mAttempting user login[39m
2025-01-16 17:09:25 [32minfo[39m: [32mUser exists with the provided email ID[39m
2025-01-16 17:09:26 [35mhttp[39m: [35mPOST /api/auth/signin 200 405 - 99.037 ms[39m
2025-01-16 17:09:49 [32minfo[39m: [32mAttempting to add task[39m
2025-01-16 17:09:49 [31merror[39m: [31mlogger.success is not a function[39m
2025-01-16 17:09:49 [35mhttp[39m: [35mPOST /api/task/add-task 500 51 - 26.001 ms[39m
2025-01-16 17:10:10 [32minfo[39m: [32mServer is running at http://localhost:8080[39m
2025-01-16 17:10:32 [32minfo[39m: [32mAttempting to add task[39m
2025-01-16 17:10:32 [31merror[39m: [31mError adding task: duplicate key value violates unique constraint "tags_name_key"[39m
2025-01-16 17:11:49 [35mhttp[39m: [35mPOST /api/task/add-task - - - - ms[39m
2025-01-16 17:11:50 [32minfo[39m: [32mAttempting to add task[39m
2025-01-16 17:11:50 [32minfo[39m: [32mtask added successfully[39m
2025-01-16 17:11:50 [35mhttp[39m: [35mPOST /api/task/add-task 200 51 - 16.817 ms[39m
2025-01-16 17:19:36 [32minfo[39m: [32mServer is running at http://localhost:8080[39m
2025-01-16 17:19:43 [32minfo[39m: [32mServer is running at http://localhost:8080[39m
2025-01-16 17:20:02 [32minfo[39m: [32mServer is running at http://localhost:8080[39m
2025-01-16 17:55:04 [32minfo[39m: [32mAttempting user login[39m
2025-01-16 17:55:04 [32minfo[39m: [32mUser exists with the provided email ID[39m
2025-01-16 17:55:04 [35mhttp[39m: [35mPOST /api/auth/signin 200 405 - 106.266 ms[39m
2025-01-16 17:55:16 [32minfo[39m: [32mAttempting to add task[39m
2025-01-16 17:56:20 [32minfo[39m: [32mServer is running at http://localhost:8080[39m
2025-01-16 17:56:22 [32minfo[39m: [32mAttempting to add task[39m
2025-01-16 17:56:22 [35mhttp[39m: [35mPOST /api/task/add-task 200 98 - 17.001 ms[39m
2025-01-16 17:57:55 [32minfo[39m: [32mServer is running at http://localhost:8080[39m
2025-01-16 17:57:56 [32minfo[39m: [32mAttempting to add task[39m
2025-01-16 17:58:43 [32minfo[39m: [32mServer is running at http://localhost:8080[39m
2025-01-16 17:58:46 [32minfo[39m: [32mAttempting to add task[39m
2025-01-16 17:59:08 [32minfo[39m: [32mServer is running at http://localhost:8080[39m
2025-01-16 17:59:10 [32minfo[39m: [32mAttempting to add task[39m
2025-01-16 17:59:10 [31merror[39m: [31mtask is not defined[39m
2025-01-16 17:59:10 [35mhttp[39m: [35mPOST /api/task/add-task 500 51 - 17.248 ms[39m
2025-01-16 18:00:00 [32minfo[39m: [32mServer is running at http://localhost:8080[39m
2025-01-16 18:00:02 [32minfo[39m: [32mAttempting to add task[39m
2025-01-16 18:00:02 [35mhttp[39m: [35mPOST /api/task/add-task 409 98 - 17.255 ms[39m
2025-01-16 18:01:04 [32minfo[39m: [32mServer is running at http://localhost:8080[39m
2025-01-16 18:01:07 [32minfo[39m: [32mAttempting to add task[39m
2025-01-16 18:01:07 [32minfo[39m: [32mA task with the title "project using react" already exists for today[39m
2025-01-16 18:01:07 [35mhttp[39m: [35mPOST /api/task/add-task 409 98 - 26.278 ms[39m
2025-01-16 18:03:08 [32minfo[39m: [32mServer is running at http://localhost:8080[39m
2025-01-16 18:03:17 [32minfo[39m: [32mAttempting to add a task[39m
2025-01-16 18:03:17 [33mwarn[39m: [33mConflict: A task with the title "project using react" already exists for today[39m
2025-01-16 18:03:17 [35mhttp[39m: [35mPOST /api/task/add-task 409 97 - 16.308 ms[39m
2025-01-16 18:07:37 [32minfo[39m: [32mServer is running at http://localhost:8080[39m
2025-01-16 18:08:55 [32minfo[39m: [32mServer is running at http://localhost:8080[39m
2025-01-16 18:09:16 [32minfo[39m: [32mServer is running at http://localhost:8080[39m
2025-01-16 18:13:21 [32minfo[39m: [32mServer is running at http://localhost:8080[39m
2025-01-16 18:17:43 [32minfo[39m: [32mServer is running at http://localhost:8080[39m
2025-01-16 18:17:46 [32minfo[39m: [32mServer is running at http://localhost:8080[39m
2025-01-16 18:21:00 [32minfo[39m: [32mServer is running at http://localhost:8080[39m
2025-01-16 18:21:18 [32minfo[39m: [32mServer is running at http://localhost:8080[39m
2025-01-16 18:21:58 [32minfo[39m: [32mServer is running at http://localhost:8080[39m
2025-01-16 18:22:30 [32minfo[39m: [32mServer is running at http://localhost:8080[39m
2025-01-16 18:22:45 [32minfo[39m: [32mServer is running at http://localhost:8080[39m
2025-01-16 18:24:28 [35mhttp[39m: [35mPOST /api/task/get-all-task 404 161 - 3.382 ms[39m
2025-01-16 18:27:49 [32minfo[39m: [32mServer is running at http://localhost:8080[39m
2025-01-16 18:27:51 [32minfo[39m: [32mTask fetched succesfully[39m
2025-01-16 18:27:51 [35mhttp[39m: [35mGET /api/task/get-all-task 200 415 - 17.632 ms[39m
2025-01-16 18:28:49 [31merror[39m: [31merror fetching task : Cannot read properties of undefined (reading 'status')[39m
2025-01-16 18:28:49 [35mhttp[39m: [35mGET /api/task/get-all-task 500 73 - 5.103 ms[39m
2025-01-16 18:28:53 [31merror[39m: [31merror fetching task : Cannot read properties of undefined (reading 'status')[39m
2025-01-16 18:28:53 [35mhttp[39m: [35mGET /api/task/get-all-task 500 73 - 5.308 ms[39m
2025-01-16 18:29:29 [32minfo[39m: [32mServer is running at http://localhost:8080[39m
2025-01-16 18:29:56 [32minfo[39m: [32mServer is running at http://localhost:8080[39m
2025-01-16 18:30:07 [35mhttp[39m: [35mGET /api/task/get-all-task 500 91 - 13.799 ms[39m
2025-01-16 18:30:28 [32minfo[39m: [32mServer is running at http://localhost:8080[39m
2025-01-16 18:30:38 [32minfo[39m: [32mServer is running at http://localhost:8080[39m
2025-01-16 18:30:39 [35mhttp[39m: [35mGET /api/task/get-all-task 500 93 - 14.591 ms[39m
2025-01-16 18:34:25 [32minfo[39m: [32mServer is running at http://localhost:8080[39m
2025-01-16 18:34:30 [31merror[39m: [31mError fetching tasks: No tasks found for the user.[39m
2025-01-16 18:34:30 [35mhttp[39m: [35mGET /api/task/get-all-task 404 55 - 11.456 ms[39m
2025-01-16 18:38:15 [32minfo[39m: [32mAttempting to add a task[39m
2025-01-16 18:38:15 [31merror[39m: [31mError adding task: column "id" does not exist[39m
2025-01-16 18:38:15 [31merror[39m: [31mUnexpected error while adding task[39m
2025-01-16 18:38:15 [35mhttp[39m: [35mPOST /api/task/add-task 500 73 - 54.997 ms[39m
2025-01-16 18:39:52 [32minfo[39m: [32mServer is running at http://localhost:8080[39m
2025-01-16 18:40:33 [32minfo[39m: [32mAttempting to add a task[39m
2025-01-16 18:40:33 [31merror[39m: [31mError adding task: Cannot read properties of undefined (reading 'id')[39m
2025-01-16 18:40:33 [31merror[39m: [31mUnexpected error while adding task[39m
2025-01-16 18:40:33 [35mhttp[39m: [35mPOST /api/task/add-task 500 73 - 102.471 ms[39m
2025-01-16 18:40:58 [32minfo[39m: [32mServer is running at http://localhost:8080[39m
2025-01-16 18:41:26 [32minfo[39m: [32mAttempting to add a task[39m
2025-01-16 18:41:27 [32minfo[39m: [32mTask added successfully[39m
2025-01-16 18:41:27 [35mhttp[39m: [35mPOST /api/task/add-task 201 98 - 32.177 ms[39m
2025-01-16 18:42:04 [32minfo[39m: [32mTasks fetched successfully[39m
2025-01-16 18:42:04 [35mhttp[39m: [35mGET /api/task/get-all-task 200 1690 - 14.586 ms[39m
2025-01-16 18:43:52 [31merror[39m: [31mError fetching tasks: No tasks found for the user.[39m
2025-01-16 18:43:52 [35mhttp[39m: [35mGET /api/task/get-all-task 404 55 - 6.043 ms[39m
2025-01-16 18:44:07 [31merror[39m: [31mError: Expected double-quoted property name in JSON at position 311[39m
2025-01-16 18:44:13 [32minfo[39m: [32mAttempting to add a task[39m
2025-01-16 18:44:13 [32minfo[39m: [32mTask added successfully[39m
2025-01-16 18:44:13 [35mhttp[39m: [35mPOST /api/task/add-task 201 98 - 19.107 ms[39m
2025-01-16 18:46:53 [32minfo[39m: [32mTasks fetched successfully[39m
2025-01-16 18:46:53 [35mhttp[39m: [35mGET /api/task/get-all-task 200 1690 - 3.522 ms[39m
2025-01-16 18:52:10 [32minfo[39m: [32mAttempting to add a task[39m
2025-01-16 18:52:10 [32minfo[39m: [32mTask added successfully[39m
2025-01-16 18:52:10 [35mhttp[39m: [35mPOST /api/task/add-task 201 98 - 11.201 ms[39m
2025-01-16 18:53:02 [32minfo[39m: [32mServer is running at http://localhost:8080[39m
2025-01-16 18:54:00 [32minfo[39m: [32mServer is running at http://localhost:8080[39m
2025-01-16 18:54:23 [32minfo[39m: [32mTasks fetched successfully[39m
2025-01-16 18:54:23 [35mhttp[39m: [35mGET /api/task/get-all-task 200 1248 - 11.722 ms[39m
2025-01-16 19:21:46 [35mhttp[39m: [35mPOST /api/task/add-task 401 52 - 7.806 ms[39m
2025-01-16 19:21:54 [32minfo[39m: [32mAttempting user login[39m
2025-01-16 19:21:54 [32minfo[39m: [32mUser exists with the provided email ID[39m
2025-01-16 19:21:54 [35mhttp[39m: [35mPOST /api/auth/signin 200 405 - 141.334 ms[39m
2025-01-16 19:22:17 [32minfo[39m: [32mAttempting to add a task[39m
2025-01-16 19:22:17 [33mwarn[39m: [33mConflict: A task with the title "Mern Stack" already exists for today[39m
2025-01-16 19:22:17 [35mhttp[39m: [35mPOST /api/task/add-task 409 88 - 10.999 ms[39m
2025-01-16 19:22:27 [32minfo[39m: [32mTasks fetched successfully[39m
2025-01-16 19:22:27 [35mhttp[39m: [35mGET /api/task/get-all-task 200 1248 - 7.415 ms[39m
2025-01-16 19:25:45 [32minfo[39m: [32mServer is running at http://localhost:8080[39m
2025-01-16 19:26:26 [32minfo[39m: [32mServer is running at http://localhost:8080[39m
2025-01-16 19:28:09 [32minfo[39m: [32mServer is running at http://localhost:8080[39m
2025-01-16 19:29:54 [32minfo[39m: [32mServer is running at http://localhost:8080[39m
2025-01-16 19:30:01 [32minfo[39m: [32mServer is running at http://localhost:8080[39m
2025-01-16 19:32:04 [32minfo[39m: [32mServer is running at http://localhost:8080[39m
2025-01-16 19:33:33 [32minfo[39m: [32mServer is running at http://localhost:8080[39m
2025-01-17 11:14:21 [32minfo[39m: [32mServer is running at http://localhost:8080[39m
2025-01-17 11:16:31 [32minfo[39m: [32mAttempting user login[39m
2025-01-17 11:16:31 [32minfo[39m: [32mUser exists with the provided email ID[39m
2025-01-17 11:16:31 [35mhttp[39m: [35mPOST /api/auth/signin 200 405 - 98.954 ms[39m
2025-01-17 11:16:51 [31merror[39m: [31mUnhandled Rejection at: [object Promise], reason: ReferenceError: log is not defined[39m
2025-01-17 11:17:38 [32minfo[39m: [32mServer is running at http://localhost:8080[39m
2025-01-17 11:17:40 [32minfo[39m: [32mattempting to fetch task[39m
2025-01-17 11:17:40 [32minfo[39m: [32mTasks fetched successfully[39m
2025-01-17 11:17:40 [35mhttp[39m: [35mGET /api/task/get-all-task 200 1248 - 19.083 ms[39m
2025-01-17 11:18:28 [35mhttp[39m: [35mGET /api/task/update-task/1 404 161 - 1.874 ms[39m
2025-01-17 11:18:38 [32minfo[39m: [32mattempting to update task[39m
2025-01-17 11:18:38 [33mwarn[39m: [33mUnexpected erro updating tasks:email is not defined[39m
2025-01-17 11:18:38 [35mhttp[39m: [35mPOST /api/task/update-task/1 500 73 - 15.061 ms[39m
2025-01-17 11:19:43 [32minfo[39m: [32mServer is running at http://localhost:8080[39m
2025-01-17 11:19:47 [32minfo[39m: [32mattempting to update task[39m
2025-01-17 11:19:47 [31merror[39m: [31mError fetching tasks: Internal server error[39m
2025-01-17 11:19:47 [35mhttp[39m: [35mPOST /api/task/update-task/1 500 48 - 23.845 ms[39m
2025-01-17 11:20:10 [32minfo[39m: [32mattempting to update task[39m
2025-01-17 11:20:10 [31merror[39m: [31mError fetching tasks: Internal server error[39m
2025-01-17 11:20:10 [35mhttp[39m: [35mPOST /api/task/update-task/123kjnlksafj 500 48 - 15.720 ms[39m
2025-01-17 11:21:04 [32minfo[39m: [32mattempting to update task[39m
2025-01-17 11:21:04 [31merror[39m: [31mError fetching tasks: Internal server error[39m
2025-01-17 11:21:04 [35mhttp[39m: [35mPOST /api/task/update-task/8a2ef9b9-02eb-46ec-8ece-e2b29e7df1ed 500 48 - 9.408 ms[39m
2025-01-17 11:21:28 [32minfo[39m: [32mServer is running at http://localhost:8080[39m
2025-01-17 11:21:28 [32minfo[39m: [32mattempting to update task[39m
2025-01-17 11:21:28 [31merror[39m: [31mError fetching tasks: Internal server error[39m
2025-01-17 11:21:28 [35mhttp[39m: [35mPOST /api/task/update-task/8a2ef9b9-02eb-46ec-8ece-e2b29e7df1ed 500 48 - 48.898 ms[39m
2025-01-17 11:23:48 [32minfo[39m: [32mattempting to update task[39m
2025-01-17 11:23:48 [31merror[39m: [31mError fetching tasks: Internal server error[39m
2025-01-17 11:23:48 [35mhttp[39m: [35mPOST /api/task/update-task/8a2ef9b9-02eb-46ec-8ece-e2b29e7df1ed 500 48 - 18.980 ms[39m
2025-01-17 11:25:11 [32minfo[39m: [32mServer is running at http://localhost:8080[39m
2025-01-17 11:25:22 [32minfo[39m: [32mattempting to update task[39m
2025-01-17 11:25:22 [31merror[39m: [31mError fetching tasks: Internal server error[39m
2025-01-17 11:25:22 [35mhttp[39m: [35mPOST /api/task/update-task/8a2ef9b9-02eb-46ec-8ece-e2b29e7df1ed 500 48 - 24.997 ms[39m
2025-01-17 11:30:51 [32minfo[39m: [32mServer is running at http://localhost:8080[39m
2025-01-17 11:30:56 [32minfo[39m: [32mattempting to update task[39m
2025-01-17 11:30:56 [31merror[39m: [31mError fetching tasks: Internal server error[39m
2025-01-17 11:30:56 [35mhttp[39m: [35mPOST /api/task/update-task/8a2ef9b9-02eb-46ec-8ece-e2b29e7df1ed 500 48 - 25.567 ms[39m
2025-01-17 11:32:03 [32minfo[39m: [32mServer is running at http://localhost:8080[39m
2025-01-17 11:32:05 [32minfo[39m: [32mattempting to update task[39m
2025-01-17 11:32:05 [31merror[39m: [31mError fetching tasks: Internal server error[39m
2025-01-17 11:32:05 [35mhttp[39m: [35mPOST /api/task/update-task/8a2ef9b9-02eb-46ec-8ece-e2b29e7df1ed 500 48 - 22.889 ms[39m
2025-01-17 11:32:16 [32minfo[39m: [32mServer is running at http://localhost:8080[39m
2025-01-17 11:32:19 [32minfo[39m: [32mattempting to update task[39m
2025-01-17 11:32:19 [31merror[39m: [31mError fetching tasks: Internal server error[39m
2025-01-17 11:32:19 [35mhttp[39m: [35mPOST /api/task/update-task/8a2ef9b9-02eb-46ec-8ece-e2b29e7df1ed 500 48 - 21.898 ms[39m
2025-01-17 11:35:38 [32minfo[39m: [32mServer is running at http://localhost:8080[39m
2025-01-17 11:35:43 [32minfo[39m: [32mattempting to update task[39m
2025-01-17 11:35:43 [32minfo[39m: [32mTasks fetched successfully[39m
2025-01-17 11:35:43 [33mwarn[39m: [33mUnexpected erro updating tasks:tasks is not defined[39m
2025-01-17 11:35:43 [35mhttp[39m: [35mPOST /api/task/update-task/8a2ef9b9-02eb-46ec-8ece-e2b29e7df1ed 500 73 - 30.183 ms[39m
2025-01-17 11:37:37 [32minfo[39m: [32mServer is running at http://localhost:8080[39m
2025-01-17 11:37:41 [32minfo[39m: [32mServer is running at http://localhost:8080[39m
2025-01-17 11:37:44 [32minfo[39m: [32mattempting to update task[39m
2025-01-17 11:37:44 [32minfo[39m: [32mTasks fetched successfully[39m
2025-01-17 11:37:44 [35mhttp[39m: [35mPOST /api/task/update-task/8a2ef9b9-02eb-46ec-8ece-e2b29e7df1ed 200 52 - 25.672 ms[39m
2025-01-17 11:38:25 [32minfo[39m: [32mattempting to update task[39m
2025-01-17 11:38:25 [32minfo[39m: [32mTasks fetched successfully[39m
2025-01-17 11:38:25 [35mhttp[39m: [35mPOST /api/task/update-task/8a2ef9b9-02eb-46ec-8ece-e2b29e7df1ed 200 52 - 18.091 ms[39m
2025-01-17 12:25:15 [32minfo[39m: [32mServer is running at http://localhost:8080[39m
2025-01-17 12:25:38 [32minfo[39m: [32mAttempting user login[39m
2025-01-17 12:25:38 [32minfo[39m: [32mUser exists with the provided email ID[39m
2025-01-17 12:25:38 [35mhttp[39m: [35mPOST /api/auth/signin 200 405 - 133.309 ms[39m
2025-01-17 12:26:01 [32minfo[39m: [32mAttempting to add a task[39m
2025-01-17 12:26:01 [31merror[39m: [31mError adding task: column "id" does not exist[39m
2025-01-17 12:26:01 [31merror[39m: [31mUnexpected error while adding task[39m
2025-01-17 12:26:01 [35mhttp[39m: [35mPOST /api/task/add-task 500 73 - 13.626 ms[39m
2025-01-17 12:26:23 [32minfo[39m: [32mServer is running at http://localhost:8080[39m
2025-01-17 12:27:11 [32minfo[39m: [32mServer is running at http://localhost:8080[39m
2025-01-17 12:27:15 [32minfo[39m: [32mAttempting to add a task[39m
2025-01-17 12:27:15 [31merror[39m: [31mError adding task: column "id" does not exist[39m
2025-01-17 12:27:15 [31merror[39m: [31mUnexpected error while adding task[39m
2025-01-17 12:27:15 [35mhttp[39m: [35mPOST /api/task/add-task 500 73 - 18.932 ms[39m
2025-01-17 12:28:17 [32minfo[39m: [32mServer is running at http://localhost:8080[39m
2025-01-17 12:28:37 [32minfo[39m: [32mServer is running at http://localhost:8080[39m
2025-01-17 12:28:38 [32minfo[39m: [32mAttempting to add a task[39m
2025-01-17 12:28:38 [31merror[39m: [31mError adding task: column "id" does not exist[39m
2025-01-17 12:28:38 [31merror[39m: [31mUnexpected error while adding task[39m
2025-01-17 12:28:38 [35mhttp[39m: [35mPOST /api/task/add-task 500 73 - 18.423 ms[39m
2025-01-17 12:29:46 [32minfo[39m: [32mServer is running at http://localhost:8080[39m
2025-01-17 12:30:04 [32minfo[39m: [32mServer is running at http://localhost:8080[39m
2025-01-17 12:30:11 [32minfo[39m: [32mServer is running at http://localhost:8080[39m
2025-01-17 12:30:15 [32minfo[39m: [32mAttempting to add a task[39m
2025-01-17 12:30:15 [32minfo[39m: [32mTask added successfully[39m
2025-01-17 12:30:15 [35mhttp[39m: [35mPOST /api/task/add-task 201 61 - 21.541 ms[39m
2025-01-17 12:33:25 [32minfo[39m: [32mAttempting to add a task[39m
2025-01-17 12:33:25 [32minfo[39m: [32mTask added successfully[39m
2025-01-17 12:33:25 [35mhttp[39m: [35mPOST /api/task/add-task 201 98 - 20.117 ms[39m
2025-01-17 12:33:57 [32minfo[39m: [32mAttempting to add a task[39m
2025-01-17 12:33:57 [33mwarn[39m: [33mConflict: A task with the title "Mern Stack" already exists for today[39m
2025-01-17 12:33:57 [35mhttp[39m: [35mPOST /api/task/add-task 409 88 - 10.833 ms[39m
2025-01-17 12:34:11 [32minfo[39m: [32mAttempting to add a task[39m
2025-01-17 12:34:11 [32minfo[39m: [32mTask added successfully[39m
2025-01-17 12:34:11 [35mhttp[39m: [35mPOST /api/task/add-task 201 98 - 14.972 ms[39m
2025-01-17 12:34:14 [32minfo[39m: [32mAttempting to add a task[39m
2025-01-17 12:34:14 [33mwarn[39m: [33mConflict: A task with the title "Mern Stack" already exists for today[39m
2025-01-17 12:34:14 [35mhttp[39m: [35mPOST /api/task/add-task 409 88 - 7.309 ms[39m
2025-01-17 12:35:55 [32minfo[39m: [32mServer is running at http://localhost:8080[39m
2025-01-17 12:36:07 [32minfo[39m: [32mattempting to fetch task[39m
2025-01-17 12:36:08 [32minfo[39m: [32mTasks fetched successfully[39m
2025-01-17 12:36:08 [35mhttp[39m: [35mGET /api/task/get-all-task 200 852 - 47.948 ms[39m
2025-01-17 12:41:48 [32minfo[39m: [32mServer is running at http://localhost:8080[39m
2025-01-17 12:43:22 [32minfo[39m: [32mServer is running at http://localhost:8080[39m
2025-01-17 12:44:47 [31merror[39m: [31mError: Expected double-quoted property name in JSON at position 281[39m
2025-01-17 12:44:55 [32minfo[39m: [32mattempting to update task[39m
2025-01-17 12:44:55 [32minfo[39m: [32mTasks fetched successfully[39m
2025-01-17 12:44:55 [35mhttp[39m: [35mPOST /api/task/update-task/c87c8622-f5dc-493d-9d8b-6e03e82a1224 200 53 - 39.541 ms[39m
2025-01-17 12:53:48 [32minfo[39m: [32mServer is running at http://localhost:8080[39m
2025-01-17 12:53:51 [32minfo[39m: [32mattempting to fetch task[39m
2025-01-17 12:53:51 [32minfo[39m: [32mTasks fetched successfully[39m
2025-01-17 12:53:51 [35mhttp[39m: [35mGET /api/task/get-all-task 200 832 - 12.853 ms[39m
2025-01-17 12:53:53 [32minfo[39m: [32mattempting to fetch task[39m
2025-01-17 12:53:53 [32minfo[39m: [32mTasks fetched successfully[39m
2025-01-17 12:53:53 [35mhttp[39m: [35mGET /api/task/get-all-task 200 832 - 5.921 ms[39m
2025-01-17 12:53:54 [32minfo[39m: [32mattempting to fetch task[39m
2025-01-17 12:53:54 [32minfo[39m: [32mTasks fetched successfully[39m
2025-01-17 12:53:54 [35mhttp[39m: [35mGET /api/task/get-all-task 200 832 - 6.709 ms[39m
2025-01-17 12:53:55 [32minfo[39m: [32mattempting to fetch task[39m
2025-01-17 12:53:55 [32minfo[39m: [32mTasks fetched successfully[39m
2025-01-17 12:53:55 [35mhttp[39m: [35mGET /api/task/get-all-task 200 832 - 4.621 ms[39m
2025-01-17 12:53:56 [32minfo[39m: [32mattempting to fetch task[39m
2025-01-17 12:53:56 [32minfo[39m: [32mTasks fetched successfully[39m
2025-01-17 12:53:56 [35mhttp[39m: [35mGET /api/task/get-all-task 200 832 - 6.844 ms[39m
2025-01-17 12:53:57 [35mhttp[39m: [35mGET /api/task/get-all-task 429 69 - 0.924 ms[39m
2025-01-17 12:53:58 [35mhttp[39m: [35mGET /api/task/get-all-task 429 69 - 0.994 ms[39m
2025-01-17 14:31:57 [32minfo[39m: [32mServer is running at http://localhost:8080[39m
2025-01-17 14:32:58 [35mhttp[39m: [35mGET /api-docs/ 200 3106 - 7.897 ms[39m
2025-01-17 14:32:58 [35mhttp[39m: [35mGET /api-docs/swagger-ui.css 200 152072 - 50.374 ms[39m
2025-01-17 14:32:58 [35mhttp[39m: [35mGET /api-docs/swagger-ui-standalone-preset.js 200 230007 - 45.402 ms[39m
2025-01-17 14:32:58 [35mhttp[39m: [35mGET /api-docs/swagger-ui-bundle.js 200 1426050 - 51.068 ms[39m
2025-01-17 14:32:59 [35mhttp[39m: [35mGET /api-docs/swagger-ui-init.js 200 5089 - 0.545 ms[39m
2025-01-17 14:37:17 [35mhttp[39m: [35mPOST /api/auth/signup 400 71 - 12.861 ms[39m
2025-01-17 14:38:26 [35mhttp[39m: [35mPOST /api/auth/signup 400 71 - 4.122 ms[39m
2025-01-17 14:39:09 [35mhttp[39m: [35mPOST /api/auth/signup 400 71 - 3.281 ms[39m
2025-01-17 14:39:54 [35mhttp[39m: [35mPOST /api/auth/signup 400 71 - 1.917 ms[39m
2025-01-17 14:42:12 [35mhttp[39m: [35mPOST /api/auth/signup 400 71 - 1.154 ms[39m
2025-01-17 14:43:18 [35mhttp[39m: [35mPOST /api/auth/signup 429 69 - 0.640 ms[39m
2025-01-17 14:43:36 [35mhttp[39m: [35mPOST /api/auth/signup 429 69 - 0.541 ms[39m
2025-01-17 14:44:15 [32minfo[39m: [32mServer is running at http://localhost:8080[39m
2025-01-17 14:45:47 [35mhttp[39m: [35mPOST /api/auth/signup 400 71 - 9.892 ms[39m
2025-01-17 14:46:13 [35mhttp[39m: [35mPOST /api/auth/signup 400 71 - 3.842 ms[39m
2025-01-17 14:48:04 [32minfo[39m: [32mAttempting user registration[39m
2025-01-17 14:48:05 [32minfo[39m: [32mNo user found with the provided email ID[39m
2025-01-17 14:48:05 [32minfo[39m: [32mUser registered successfully: swapnil@gmail.com[39m
2025-01-17 14:48:05 [35mhttp[39m: [35mPOST /api/auth/signup 201 152 - 408.428 ms[39m
2025-01-17 14:50:02 [32minfo[39m: [32mAttempting user registration[39m
2025-01-17 14:50:02 [32minfo[39m: [32mUser exists with the provided email ID[39m
2025-01-17 14:50:02 [35mhttp[39m: [35mPOST /api/auth/signup 400 54 - 7.870 ms[39m
2025-01-17 14:50:20 [32minfo[39m: [32mAttempting user registration[39m
2025-01-17 14:50:20 [32minfo[39m: [32mUser exists with the provided email ID[39m
2025-01-17 14:50:20 [35mhttp[39m: [35mPOST /api/auth/signup 400 54 - 3.285 ms[39m
2025-01-17 14:57:43 [32minfo[39m: [32mAttempting user registration[39m
2025-01-17 14:57:43 [32minfo[39m: [32mNo user found with the provided email ID[39m
2025-01-17 14:57:43 [32minfo[39m: [32mUser registered successfully: swpnil@gmail.com[39m
2025-01-17 14:57:43 [35mhttp[39m: [35mPOST /api/auth/signup 201 152 - 122.485 ms[39m
2025-01-17 14:57:50 [32minfo[39m: [32mAttempting user registration[39m
2025-01-17 14:57:50 [32minfo[39m: [32mUser exists with the provided email ID[39m
2025-01-17 14:57:50 [35mhttp[39m: [35mPOST /api/auth/signup 400 54 - 5.101 ms[39m
2025-01-17 14:58:49 [32minfo[39m: [32mAttempting user registration[39m
2025-01-17 14:58:49 [32minfo[39m: [32mUser exists with the provided email ID[39m
2025-01-17 14:58:49 [35mhttp[39m: [35mPOST /api/auth/signup 400 54 - 2.157 ms[39m
2025-01-17 14:59:27 [32minfo[39m: [32mAttempting user registration[39m
2025-01-17 14:59:27 [32minfo[39m: [32mUser exists with the provided email ID[39m
2025-01-17 14:59:27 [35mhttp[39m: [35mPOST /api/auth/signup 400 54 - 2.749 ms[39m
2025-01-17 15:00:05 [32minfo[39m: [32mAttempting user registration[39m
2025-01-17 15:00:05 [32minfo[39m: [32mUser exists with the provided email ID[39m
2025-01-17 15:00:05 [35mhttp[39m: [35mPOST /api/auth/signup 400 54 - 8.372 ms[39m
2025-01-17 15:00:59 [32minfo[39m: [32mAttempting user registration[39m
2025-01-17 15:00:59 [32minfo[39m: [32mUser exists with the provided email ID[39m
2025-01-17 15:00:59 [35mhttp[39m: [35mPOST /api/auth/signup 400 54 - 7.627 ms[39m
2025-01-17 15:01:16 [32minfo[39m: [32mAttempting user registration[39m
2025-01-17 15:01:16 [32minfo[39m: [32mUser exists with the provided email ID[39m
2025-01-17 15:01:16 [35mhttp[39m: [35mPOST /api/auth/signup 400 54 - 3.838 ms[39m
2025-01-17 15:01:43 [32minfo[39m: [32mAttempting user registration[39m
2025-01-17 15:01:43 [32minfo[39m: [32mUser exists with the provided email ID[39m
2025-01-17 15:01:43 [35mhttp[39m: [35mPOST /api/auth/signup 400 54 - 3.394 ms[39m
2025-01-17 15:01:51 [32minfo[39m: [32mAttempting user registration[39m
2025-01-17 15:01:51 [32minfo[39m: [32mUser exists with the provided email ID[39m
2025-01-17 15:01:51 [35mhttp[39m: [35mPOST /api/auth/signup 400 54 - 6.163 ms[39m
2025-01-17 15:01:55 [32minfo[39m: [32mAttempting user registration[39m
2025-01-17 15:01:55 [32minfo[39m: [32mUser exists with the provided email ID[39m
2025-01-17 15:01:55 [35mhttp[39m: [35mPOST /api/auth/signup 400 54 - 6.409 ms[39m
2025-01-17 15:01:58 [32minfo[39m: [32mAttempting user registration[39m
2025-01-17 15:01:58 [32minfo[39m: [32mUser exists with the provided email ID[39m
2025-01-17 15:01:58 [35mhttp[39m: [35mPOST /api/auth/signup 400 54 - 2.779 ms[39m
2025-01-17 15:05:09 [32minfo[39m: [32mAttempting user registration[39m
2025-01-17 15:05:09 [32minfo[39m: [32mNo user found with the provided email ID[39m
2025-01-17 15:05:09 [32minfo[39m: [32mUser registered successfully: swapni@gmail.com[39m
2025-01-17 15:05:09 [35mhttp[39m: [35mPOST /api/auth/signup 201 152 - 119.483 ms[39m
2025-01-17 15:05:31 [32minfo[39m: [32mAttempting user registration[39m
2025-01-17 15:05:31 [32minfo[39m: [32mUser exists with the provided email ID[39m
2025-01-17 15:05:31 [35mhttp[39m: [35mPOST /api/auth/signup 400 54 - 4.716 ms[39m
2025-01-17 15:05:37 [32minfo[39m: [32mAttempting user registration[39m
2025-01-17 15:05:37 [32minfo[39m: [32mUser exists with the provided email ID[39m
2025-01-17 15:05:37 [35mhttp[39m: [35mPOST /api/auth/signup 400 54 - 3.746 ms[39m
2025-01-17 15:06:07 [32minfo[39m: [32mAttempting user registration[39m
2025-01-17 15:06:07 [32minfo[39m: [32mNo user found with the provided email ID[39m
2025-01-17 15:06:07 [32minfo[39m: [32mUser registered successfully: swapnilk@gmail.com[39m
2025-01-17 15:06:07 [35mhttp[39m: [35mPOST /api/auth/signup 201 152 - 157.004 ms[39m
2025-01-17 15:06:28 [32minfo[39m: [32mAttempting user registration[39m
2025-01-17 15:06:28 [32minfo[39m: [32mNo user found with the provided email ID[39m
2025-01-17 15:06:28 [32minfo[39m: [32mUser registered successfully: swapnidlk@gmail.com[39m
2025-01-17 15:06:28 [35mhttp[39m: [35mPOST /api/auth/signup 201 152 - 137.499 ms[39m
2025-01-17 15:06:42 [32minfo[39m: [32mAttempting user registration[39m
2025-01-17 15:06:42 [32minfo[39m: [32mNo user found with the provided email ID[39m
2025-01-17 15:06:42 [32minfo[39m: [32mUser registered successfully: swapniddlk@gmail.com[39m
2025-01-17 15:06:42 [35mhttp[39m: [35mPOST /api/auth/signup 201 152 - 73.189 ms[39m
2025-01-17 15:07:16 [32minfo[39m: [32mAttempting user registration[39m
2025-01-17 15:07:16 [32minfo[39m: [32mNo user found with the provided email ID[39m
2025-01-17 15:07:17 [32minfo[39m: [32mUser registered successfully: swapnidddlk@gmail.com[39m
2025-01-17 15:07:17 [35mhttp[39m: [35mPOST /api/auth/signup 201 152 - 87.017 ms[39m
2025-01-17 15:11:27 [32minfo[39m: [32mAttempting user registration[39m
2025-01-17 15:11:27 [32minfo[39m: [32mUser exists with the provided email ID[39m
2025-01-17 15:11:27 [35mhttp[39m: [35mPOST /api/auth/signup 400 54 - 5.324 ms[39m
2025-01-17 15:11:33 [32minfo[39m: [32mAttempting user registration[39m
2025-01-17 15:11:33 [32minfo[39m: [32mUser exists with the provided email ID[39m
2025-01-17 15:11:33 [35mhttp[39m: [35mPOST /api/auth/signup 400 54 - 2.908 ms[39m
2025-01-17 15:11:36 [32minfo[39m: [32mAttempting user registration[39m
2025-01-17 15:11:36 [32minfo[39m: [32mUser exists with the provided email ID[39m
2025-01-17 15:11:36 [35mhttp[39m: [35mPOST /api/auth/signup 400 54 - 5.209 ms[39m
2025-01-17 15:11:39 [32minfo[39m: [32mAttempting user registration[39m
2025-01-17 15:11:39 [32minfo[39m: [32mUser exists with the provided email ID[39m
2025-01-17 15:11:39 [35mhttp[39m: [35mPOST /api/auth/signup 400 54 - 2.536 ms[39m
2025-01-17 15:26:00 [32minfo[39m: [32mAttempting user login[39m
2025-01-17 15:26:00 [32minfo[39m: [32mUser exists with the provided email ID[39m
2025-01-17 15:26:00 [35mhttp[39m: [35mPOST /api/auth/signin 200 401 - 198.841 ms[39m
2025-01-17 15:28:43 [32minfo[39m: [32mServer is running at http://localhost:8080[39m
2025-01-17 15:29:22 [32minfo[39m: [32mAttempting user login[39m
2025-01-17 15:29:22 [32minfo[39m: [32mUser exists with the provided email ID[39m
2025-01-17 15:29:22 [35mhttp[39m: [35mPOST /api/auth/signin 200 401 - 153.669 ms[39m
